Log file open, 05/23/22 03:34:15
LogWindows: Failed to load 'aqProf.dll' (GetLastError=126)
LogWindows: File 'aqProf.dll' does not exist
LogWindows: Failed to load 'VtuneApi.dll' (GetLastError=126)
LogWindows: File 'VtuneApi.dll' does not exist
LogWindows: Failed to load 'VtuneApi32e.dll' (GetLastError=126)
LogWindows: File 'VtuneApi32e.dll' does not exist
LogConsoleResponse: Display: Failed to find resolution value strings in scalability ini. Falling back to default.
LogConsoleResponse: Display: Failed to find resolution value strings in scalability ini. Falling back to default.
LogInit: Display: Running engine for game: ProjectW
LogPlatformFile: Not using cached read wrapper
LogTaskGraph: Started task graph with 5 named threads and 35 total threads with 3 sets of task threads.
LogStats: Stats thread started at 0.256484
LogICUInternationalization: ICU TimeZone Detection - Raw Offset: +9:00, Platform Override: ''
LogInit: Display: Loading text-based GConfig....
LogPluginManager: Mounting plugin MeshPainting
LogPluginManager: Mounting plugin XGEController
LogPluginManager: Mounting plugin Paper2D
LogPluginManager: Mounting plugin AISupport
LogPluginManager: Mounting plugin LiveLink
LogPluginManager: Mounting plugin EnvironmentQueryEditor
LogPluginManager: Mounting plugin LightPropagationVolume
LogPluginManager: Mounting plugin OodleData
LogPluginManager: Mounting plugin AnimationSharing
LogPluginManager: Mounting plugin CLionSourceCodeAccess
LogPluginManager: Mounting plugin CodeLiteSourceCodeAccess
LogPluginManager: Mounting plugin KDevelopSourceCodeAccess
LogPluginManager: Mounting plugin GitSourceControl
LogPluginManager: Mounting plugin NullSourceCodeAccess
LogPluginManager: Mounting plugin OodleNetwork
LogPluginManager: Mounting plugin PerforceSourceControl
LogPluginManager: Mounting plugin PlasticSourceControl
LogPluginManager: Mounting plugin PixWinPlugin
LogPluginManager: Mounting plugin PropertyAccessNode
LogPluginManager: Mounting plugin PluginUtils
LogPluginManager: Mounting plugin RiderSourceCodeAccess
LogPluginManager: Mounting plugin TextureFormatOodle
LogPluginManager: Mounting plugin SubversionSourceControl
LogPluginManager: Mounting plugin UObjectPlugin
LogPluginManager: Mounting plugin VisualStudioCodeSourceCodeAccess
LogPluginManager: Mounting plugin XCodeSourceCodeAccess
LogPluginManager: Mounting plugin VisualStudioSourceCodeAccess
LogPluginManager: Mounting plugin DatasmithContent
LogPluginManager: Mounting plugin VariantManagerContent
LogPluginManager: Mounting plugin Niagara
LogPluginManager: Mounting plugin AssetManagerEditor
LogPluginManager: Mounting plugin DataValidation
LogPluginManager: Mounting plugin CurveEditorTools
LogPluginManager: Mounting plugin FacialAnimation
LogPluginManager: Mounting plugin GeometryMode
LogPluginManager: Mounting plugin GameplayTagsEditor
LogPluginManager: Mounting plugin CryptoKeys
LogPluginManager: Mounting plugin MacGraphicsSwitching
LogPluginManager: Mounting plugin MaterialAnalyzer
LogPluginManager: Mounting plugin MobileLauncherProfileWizard
LogPluginManager: Mounting plugin PluginBrowser
LogPluginManager: Mounting plugin SpeedTreeImporter
LogPluginManager: Mounting plugin AlembicImporter
LogPluginManager: Mounting plugin AutomationUtils
LogPluginManager: Mounting plugin BackChannel
LogPluginManager: Mounting plugin ChaosCloth
LogPluginManager: Mounting plugin ChaosClothEditor
LogPluginManager: Mounting plugin ChaosEditor
LogPluginManager: Mounting plugin ChaosNiagara
LogPluginManager: Mounting plugin ChaosSolverPlugin
LogPluginManager: Mounting plugin CharacterAI
LogPluginManager: Mounting plugin GeometryCache
LogPluginManager: Mounting plugin GeometryCollectionPlugin
LogPluginManager: Mounting plugin LuminPlatformFeatures
LogPluginManager: Mounting plugin MagicLeap
LogPluginManager: Mounting plugin MagicLeapMedia
LogPluginManager: Mounting plugin MagicLeapPassableWorld
LogPluginManager: Mounting plugin MLSDK
LogPluginManager: Mounting plugin AvfMedia
LogPluginManager: Mounting plugin AndroidMedia
LogPluginManager: Mounting plugin MagicLeapLightEstimation
LogPluginManager: Mounting plugin ImgMedia
LogPluginManager: Mounting plugin MediaCompositing
LogPluginManager: Mounting plugin MediaPlayerEditor
LogPluginManager: Mounting plugin WebMMedia
LogPluginManager: Mounting plugin WmfMedia
LogPluginManager: Mounting plugin GeometryProcessing
LogPluginManager: Mounting plugin MotoSynth
LogPluginManager: Mounting plugin OpenImageDenoise
LogPluginManager: Mounting plugin PlanarCut
LogPluginManager: Mounting plugin PlatformCrypto
LogPluginManager: Mounting plugin ProxyLODPlugin
LogPluginManager: Mounting plugin SkeletalReduction
LogPluginManager: Mounting plugin PythonScriptPlugin
LogPluginManager: Mounting plugin LevelSequenceEditor
LogPluginManager: Mounting plugin MatineeToLevelSequence
LogPluginManager: Mounting plugin ActorSequence
LogPluginManager: Mounting plugin TcpMessaging
LogPluginManager: Mounting plugin UdpMessaging
LogPluginManager: Mounting plugin TemplateSequence
LogPluginManager: Mounting plugin OnlineSubsystem
LogPluginManager: Mounting plugin OnlineSubsystemNull
LogPluginManager: Mounting plugin OnlineSubsystemUtils
LogPluginManager: Mounting plugin LauncherChunkInstaller
LogPluginManager: Mounting plugin ActorLayerUtilities
LogPluginManager: Mounting plugin AndroidDeviceProfileSelector
LogPluginManager: Mounting plugin AndroidMoviePlayer
LogPluginManager: Mounting plugin AndroidPermission
LogPluginManager: Mounting plugin AppleImageUtils
LogPluginManager: Mounting plugin AppleMoviePlayer
LogPluginManager: Mounting plugin ArchVisCharacter
LogPluginManager: Mounting plugin AssetTags
LogPluginManager: Mounting plugin AudioCapture
LogPluginManager: Mounting plugin AudioSynesthesia
LogPluginManager: Mounting plugin CableComponent
LogPluginManager: Mounting plugin ChunkDownloader
LogPluginManager: Mounting plugin CustomMeshComponent
LogPluginManager: Mounting plugin EditableMesh
LogPluginManager: Mounting plugin ExampleDeviceProfileSelector
LogPluginManager: Mounting plugin GoogleCloudMessaging
LogPluginManager: Mounting plugin GooglePAD
LogPluginManager: Mounting plugin ScreenshotTools
LogPluginManager: Mounting plugin IOSDeviceProfileSelector
LogPluginManager: Mounting plugin LinuxDeviceProfileSelector
LogPluginManager: Mounting plugin LocationServicesBPLibrary
LogPluginManager: Mounting plugin MobilePatchingUtils
LogPluginManager: Mounting plugin OpenXR
LogPluginManager: Mounting plugin OpenXREyeTracker
LogPluginManager: Mounting plugin OpenXRHandTracking
LogPluginManager: Mounting plugin PhysXVehicles
LogPluginManager: Mounting plugin Takes
LogPluginManager: Mounting plugin PostSplashScreen
LogPluginManager: Mounting plugin ProceduralMeshComponent
LogPluginManager: Mounting plugin PropertyAccessEditor
LogPluginManager: Mounting plugin RuntimePhysXCooking
LogPluginManager: Mounting plugin SignificanceManager
LogPluginManager: Mounting plugin SoundFields
LogPluginManager: Mounting plugin Synthesis
LogPluginManager: Mounting plugin WebMMoviePlayer
LogPluginManager: Mounting plugin WindowsMoviePlayer
LogPluginManager: Mounting plugin GameplayCameras
LogPluginManager: Mounting plugin CameraShakePreviewer
LogPluginManager: Mounting plugin ContentBrowserAssetDataSource
LogPluginManager: Mounting plugin ContentBrowserClassDataSource
LogPluginManager: Mounting plugin ContentBrowserFileDataSource
LogPluginManager: Mounting plugin OnlineSubsystemGooglePlay
LogPluginManager: Mounting plugin OnlineSubsystemIOS
LogPluginManager: Mounting plugin OculusVR
LogPluginManager: Mounting plugin SteamVR
PixWinPlugin: PIX capture plugin failed to initialize! Check that the process is launched from PIX.
LogInit: Using libcurl 7.55.1-DEV
LogInit:  - built for x86_64-pc-win32
LogInit:  - supports SSL with OpenSSL/1.1.1
LogInit:  - supports HTTP deflate (compression) using libz 1.2.8
LogInit:  - other features:
LogInit:      CURL_VERSION_SSL
LogInit:      CURL_VERSION_LIBZ
LogInit:      CURL_VERSION_IPV6
LogInit:      CURL_VERSION_ASYNCHDNS
LogInit:      CURL_VERSION_LARGEFILE
LogInit:      CURL_VERSION_IDN
LogInit:  CurlRequestOptions (configurable via config and command line):
LogInit:  - bVerifyPeer = true  - Libcurl will verify peer certificate
LogInit:  - bUseHttpProxy = false  - Libcurl will NOT use HTTP proxy
LogInit:  - bDontReuseConnections = false  - Libcurl will reuse connections
LogInit:  - MaxHostConnections = 16  - Libcurl will limit the number of connections to a host
LogInit:  - LocalHostAddr = Default
LogInit:  - BufferSize = 65536
LogOnline: OSS: Creating online subsystem instance for: NULL
LogInit: WinSock: version 1.1 (2.2), MaxSocks=32767, MaxUdp=65467
LogOnline: OSS: TryLoadSubsystemAndSetDefault: Loaded subsystem for module [NULL]
LogOculusPluginWrapper: OculusPlugin initialized successfully
LogHMD: Failed initializing OVRPlugin 1.59.0
LogInit: Build: ++UE4+Release-4.27-CL-18319896
LogInit: Engine Version: 4.27.2-18319896+++UE4+Release-4.27
LogInit: Compatible Engine Version: 4.27.0-17155196+++UE4+Release-4.27
LogInit: Net CL: 17155196
LogInit: OS: Windows 10 (Release 2009) (), CPU: Intel(R) Core(TM) i5-10400F CPU @ 2.90GHz, GPU: NVIDIA GeForce RTX 2070 SUPER
LogInit: Compiled (64-bit): Nov 30 2021 07:12:08
LogInit: Compiled with Visual C++: 19.24.28315.00
LogInit: Build Configuration: Development
LogInit: Branch Name: ++UE4+Release-4.27
LogInit: Command Line: 
LogInit: Base Directory: C:/Program Files/Epic Games/UE_4.27/Engine/Binaries/Win64/
LogInit: Allocator: TBB
LogInit: Installed Engine Build: 1
LogDevObjectVersion: Number of dev versions registered: 29
LogDevObjectVersion:   Dev-Blueprints (B0D832E4-1F89-4F0D-ACCF-7EB736FD4AA2): 10
LogDevObjectVersion:   Dev-Build (E1C64328-A22C-4D53-A36C-8E866417BD8C): 0
LogDevObjectVersion:   Dev-Core (375EC13C-06E4-48FB-B500-84F0262A717E): 4
LogDevObjectVersion:   Dev-Editor (E4B068ED-F494-42E9-A231-DA0B2E46BB41): 40
LogDevObjectVersion:   Dev-Framework (CFFC743F-43B0-4480-9391-14DF171D2073): 37
LogDevObjectVersion:   Dev-Mobile (B02B49B5-BB20-44E9-A304-32B752E40360): 3
LogDevObjectVersion:   Dev-Networking (A4E4105C-59A1-49B5-A7C5-40C4547EDFEE): 0
LogDevObjectVersion:   Dev-Online (39C831C9-5AE6-47DC-9A44-9C173E1C8E7C): 0
LogDevObjectVersion:   Dev-Physics (78F01B33-EBEA-4F98-B9B4-84EACCB95AA2): 14
LogDevObjectVersion:   Dev-Platform (6631380F-2D4D-43E0-8009-CF276956A95A): 0
LogDevObjectVersion:   Dev-Rendering (12F88B9F-8875-4AFC-A67C-D90C383ABD29): 45
LogDevObjectVersion:   Dev-Sequencer (7B5AE74C-D270-4C10-A958-57980B212A5A): 13
LogDevObjectVersion:   Dev-VR (D7296918-1DD6-4BDD-9DE2-64A83CC13884): 3
LogDevObjectVersion:   Dev-LoadTimes (C2A15278-BFE7-4AFE-6C17-90FF531DF755): 1
LogDevObjectVersion:   Private-Geometry (6EACA3D4-40EC-4CC1-B786-8BED09428FC5): 3
LogDevObjectVersion:   Dev-AnimPhys (29E575DD-E0A3-4627-9D10-D276232CDCEA): 17
LogDevObjectVersion:   Dev-Anim (AF43A65D-7FD3-4947-9873-3E8ED9C1BB05): 15
LogDevObjectVersion:   Dev-ReflectionCapture (6B266CEC-1EC7-4B8F-A30B-E4D90942FC07): 1
LogDevObjectVersion:   Dev-Automation (0DF73D61-A23F-47EA-B727-89E90C41499A): 1
LogDevObjectVersion:   FortniteMain (601D1886-AC64-4F84-AA16-D3DE0DEAC7D6): 47
LogDevObjectVersion:   FortniteRelease (E7086368-6B23-4C58-8439-1B7016265E91): 1
LogDevObjectVersion:   Dev-Enterprise (9DFFBCD6-494F-0158-E221-12823C92A888): 10
LogDevObjectVersion:   Dev-Niagara (F2AED0AC-9AFE-416F-8664-AA7FFA26D6FC): 1
LogDevObjectVersion:   Dev-Destruction (174F1F0B-B4C6-45A5-B13F-2EE8D0FB917D): 10
LogDevObjectVersion:   Dev-Physics-Ext (35F94A83-E258-406C-A318-09F59610247C): 41
LogDevObjectVersion:   Dev-PhysicsMaterial-Chaos (B68FC16E-8B1B-42E2-B453-215C058844FE): 1
LogDevObjectVersion:   Dev-CineCamera (B2E18506-4273-CFC2-A54E-F4BB758BBA07): 1
LogDevObjectVersion:   Dev-VirtualProduction (64F58936-FD1B-42BA-BA96-7289D5D0FA4E): 1
LogDevObjectVersion:   Dev-MediaFramework (6F0ED827-A609-4895-9C91-998D90180EA4): 2
LogInit: Presizing for max 25165824 objects, including 0 objects not considered by GC, pre-allocating 0 bytes for permanent pool.
LogConfig: Applying CVar settings from Section [/Script/Engine.StreamingSettings] File [C:/Users/User/Documents/GitHub/ProjectW/ProjectW/Saved/Config/Windows/Engine.ini]
LogConfig: Setting CVar [[s.MinBulkDataSizeForAsyncLoading:131072]]
LogConfig: Setting CVar [[s.AsyncLoadingThreadEnabled:0]]
LogConfig: Setting CVar [[s.EventDrivenLoaderEnabled:1]]
LogConfig: Setting CVar [[s.WarnIfTimeLimitExceeded:0]]
LogConfig: Setting CVar [[s.TimeLimitExceededMultiplier:1.5]]
LogConfig: Setting CVar [[s.TimeLimitExceededMinTime:0.005]]
LogConfig: Setting CVar [[s.UseBackgroundLevelStreaming:1]]
LogConfig: Setting CVar [[s.PriorityAsyncLoadingExtraTime:15.0]]
LogConfig: Setting CVar [[s.LevelStreamingActorsUpdateTimeLimit:5.0]]
LogConfig: Setting CVar [[s.PriorityLevelStreamingActorsUpdateExtraTime:5.0]]
LogConfig: Setting CVar [[s.LevelStreamingComponentsRegistrationGranularity:10]]
LogConfig: Setting CVar [[s.UnregisterComponentsTimeLimit:1.0]]
LogConfig: Setting CVar [[s.LevelStreamingComponentsUnregistrationGranularity:5]]
LogConfig: Setting CVar [[s.FlushStreamingOnExit:1]]
LogInit: Object subsystem initialized
LogConfig: Setting CVar [[con.DebugEarlyDefault:1]]
LogConfig: Setting CVar [[r.setres:1280x720]]
[2022.05.22-18.34.16:290][  0]LogConfig: Setting CVar [[r.VSync:0]]
[2022.05.22-18.34.16:290][  0]LogConfig: Setting CVar [[r.RHICmdBypass:0]]
[2022.05.22-18.34.16:290][  0]LogConfig: Applying CVar settings from Section [/Script/Engine.RendererSettings] File [C:/Users/User/Documents/GitHub/ProjectW/ProjectW/Saved/Config/Windows/Engine.ini]
[2022.05.22-18.34.16:290][  0]LogConfig: Setting CVar [[r.GPUCrashDebugging:0]]
[2022.05.22-18.34.16:290][  0]LogConfig: Applying CVar settings from Section [/Script/Engine.RendererOverrideSettings] File [C:/Users/User/Documents/GitHub/ProjectW/ProjectW/Saved/Config/Windows/Engine.ini]
[2022.05.22-18.34.16:290][  0]LogConfig: Applying CVar settings from Section [/Script/Engine.StreamingSettings] File [C:/Users/User/Documents/GitHub/ProjectW/ProjectW/Saved/Config/Windows/Engine.ini]
[2022.05.22-18.34.16:290][  0]LogConfig: Setting CVar [[s.MinBulkDataSizeForAsyncLoading:131072]]
[2022.05.22-18.34.16:291][  0]LogConfig: Setting CVar [[s.AsyncLoadingThreadEnabled:0]]
[2022.05.22-18.34.16:291][  0]LogConfig: Setting CVar [[s.EventDrivenLoaderEnabled:1]]
[2022.05.22-18.34.16:291][  0]LogConfig: Setting CVar [[s.WarnIfTimeLimitExceeded:0]]
[2022.05.22-18.34.16:291][  0]LogConfig: Setting CVar [[s.TimeLimitExceededMultiplier:1.5]]
[2022.05.22-18.34.16:291][  0]LogConfig: Setting CVar [[s.TimeLimitExceededMinTime:0.005]]
[2022.05.22-18.34.16:291][  0]LogConfig: Setting CVar [[s.UseBackgroundLevelStreaming:1]]
[2022.05.22-18.34.16:291][  0]LogConfig: Setting CVar [[s.PriorityAsyncLoadingExtraTime:15.0]]
[2022.05.22-18.34.16:291][  0]LogConfig: Setting CVar [[s.LevelStreamingActorsUpdateTimeLimit:5.0]]
[2022.05.22-18.34.16:291][  0]LogConfig: Setting CVar [[s.PriorityLevelStreamingActorsUpdateExtraTime:5.0]]
[2022.05.22-18.34.16:291][  0]LogConfig: Setting CVar [[s.LevelStreamingComponentsRegistrationGranularity:10]]
[2022.05.22-18.34.16:291][  0]LogConfig: Setting CVar [[s.UnregisterComponentsTimeLimit:1.0]]
[2022.05.22-18.34.16:291][  0]LogConfig: Setting CVar [[s.LevelStreamingComponentsUnregistrationGranularity:5]]
[2022.05.22-18.34.16:291][  0]LogConfig: Setting CVar [[s.FlushStreamingOnExit:1]]
[2022.05.22-18.34.16:291][  0]LogConfig: Applying CVar settings from Section [/Script/Engine.GarbageCollectionSettings] File [C:/Users/User/Documents/GitHub/ProjectW/ProjectW/Saved/Config/Windows/Engine.ini]
[2022.05.22-18.34.16:291][  0]LogConfig: Setting CVar [[gc.MaxObjectsNotConsideredByGC:1]]
[2022.05.22-18.34.16:291][  0]LogConfig: Setting CVar [[gc.SizeOfPermanentObjectPool:0]]
[2022.05.22-18.34.16:291][  0]LogConfig: Setting CVar [[gc.FlushStreamingOnGC:0]]
[2022.05.22-18.34.16:291][  0]LogConfig: Setting CVar [[gc.NumRetriesBeforeForcingGC:10]]
[2022.05.22-18.34.16:291][  0]LogConfig: Setting CVar [[gc.AllowParallelGC:1]]
[2022.05.22-18.34.16:291][  0]LogConfig: Setting CVar [[gc.TimeBetweenPurgingPendingKillObjects:61.1]]
[2022.05.22-18.34.16:291][  0]LogConfig: Setting CVar [[gc.MaxObjectsInEditor:25165824]]
[2022.05.22-18.34.16:291][  0]LogConfig: Setting CVar [[gc.IncrementalBeginDestroyEnabled:1]]
[2022.05.22-18.34.16:291][  0]LogConfig: Setting CVar [[gc.CreateGCClusters:1]]
[2022.05.22-18.34.16:291][  0]LogConfig: Setting CVar [[gc.MinGCClusterSize:5]]
[2022.05.22-18.34.16:291][  0]LogConfig: Setting CVar [[gc.ActorClusteringEnabled:0]]
[2022.05.22-18.34.16:291][  0]LogConfig: Setting CVar [[gc.BlueprintClusteringEnabled:0]]
[2022.05.22-18.34.16:291][  0]LogConfig: Setting CVar [[gc.UseDisregardForGCOnDedicatedServers:0]]
[2022.05.22-18.34.16:291][  0]LogConfig: Setting CVar [[gc.MultithreadedDestructionEnabled:1]]
[2022.05.22-18.34.16:291][  0]LogConfig: Applying CVar settings from Section [/Script/Engine.NetworkSettings] File [C:/Users/User/Documents/GitHub/ProjectW/ProjectW/Saved/Config/Windows/Engine.ini]
[2022.05.22-18.34.16:291][  0]LogConfig: Applying CVar settings from Section [/Script/UnrealEd.CookerSettings] File [C:/Users/User/Documents/GitHub/ProjectW/ProjectW/Saved/Config/Windows/Engine.ini]
[2022.05.22-18.34.16:371][  0]LogConfig: Applying CVar settings from Section [ViewDistanceQuality@3] File [C:/Users/User/Documents/GitHub/ProjectW/ProjectW/Saved/Config/Windows/Scalability.ini]
[2022.05.22-18.34.16:371][  0]LogConfig: Setting CVar [[r.SkeletalMeshLODBias:0]]
[2022.05.22-18.34.16:371][  0]LogConfig: Setting CVar [[r.ViewDistanceScale:1.0]]
[2022.05.22-18.34.16:371][  0]LogConfig: Applying CVar settings from Section [AntiAliasingQuality@3] File [C:/Users/User/Documents/GitHub/ProjectW/ProjectW/Saved/Config/Windows/Scalability.ini]
[2022.05.22-18.34.16:371][  0]LogConfig: Setting CVar [[r.PostProcessAAQuality:4]]
[2022.05.22-18.34.16:371][  0]LogConfig: Applying CVar settings from Section [ShadowQuality@3] File [C:/Users/User/Documents/GitHub/ProjectW/ProjectW/Saved/Config/Windows/Scalability.ini]
[2022.05.22-18.34.16:371][  0]LogConfig: Setting CVar [[r.LightFunctionQuality:1]]
[2022.05.22-18.34.16:371][  0]LogConfig: Setting CVar [[r.ShadowQuality:5]]
[2022.05.22-18.34.16:371][  0]LogConfig: Setting CVar [[r.Shadow.CSM.MaxCascades:10]]
[2022.05.22-18.34.16:371][  0]LogConfig: Setting CVar [[r.Shadow.MaxResolution:2048]]
[2022.05.22-18.34.16:371][  0]LogConfig: Setting CVar [[r.Shadow.MaxCSMResolution:2048]]
[2022.05.22-18.34.16:371][  0]LogConfig: Setting CVar [[r.Shadow.RadiusThreshold:0.01]]
[2022.05.22-18.34.16:371][  0]LogConfig: Setting CVar [[r.Shadow.DistanceScale:1.0]]
[2022.05.22-18.34.16:371][  0]LogConfig: Setting CVar [[r.Shadow.CSM.TransitionScale:1.0]]
[2022.05.22-18.34.16:371][  0]LogConfig: Setting CVar [[r.Shadow.PreShadowResolutionFactor:1.0]]
[2022.05.22-18.34.16:371][  0]LogConfig: Setting CVar [[r.DistanceFieldShadowing:1]]
[2022.05.22-18.34.16:371][  0]LogConfig: Setting CVar [[r.DistanceFieldAO:1]]
[2022.05.22-18.34.16:371][  0]LogConfig: Setting CVar [[r.AOQuality:2]]
[2022.05.22-18.34.16:371][  0]LogConfig: Setting CVar [[r.VolumetricFog:1]]
[2022.05.22-18.34.16:371][  0]LogConfig: Setting CVar [[r.VolumetricFog.GridPixelSize:8]]
[2022.05.22-18.34.16:371][  0]LogConfig: Setting CVar [[r.VolumetricFog.GridSizeZ:128]]
[2022.05.22-18.34.16:371][  0]LogConfig: Setting CVar [[r.VolumetricFog.HistoryMissSupersampleCount:4]]
[2022.05.22-18.34.16:371][  0]LogConfig: Setting CVar [[r.LightMaxDrawDistanceScale:1]]
[2022.05.22-18.34.16:371][  0]LogConfig: Setting CVar [[r.CapsuleShadows:1]]
[2022.05.22-18.34.16:371][  0]LogConfig: Applying CVar settings from Section [PostProcessQuality@3] File [C:/Users/User/Documents/GitHub/ProjectW/ProjectW/Saved/Config/Windows/Scalability.ini]
[2022.05.22-18.34.16:371][  0]LogConfig: Setting CVar [[r.MotionBlurQuality:4]]
[2022.05.22-18.34.16:371][  0]LogConfig: Setting CVar [[r.AmbientOcclusionMipLevelFactor:0.4]]
[2022.05.22-18.34.16:371][  0]LogConfig: Setting CVar [[r.AmbientOcclusionMaxQuality:100]]
[2022.05.22-18.34.16:371][  0]LogConfig: Setting CVar [[r.AmbientOcclusionLevels:-1]]
[2022.05.22-18.34.16:371][  0]LogConfig: Setting CVar [[r.AmbientOcclusionRadiusScale:1.0]]
[2022.05.22-18.34.16:371][  0]LogConfig: Setting CVar [[r.DepthOfFieldQuality:2]]
[2022.05.22-18.34.16:371][  0]LogConfig: Setting CVar [[r.RenderTargetPoolMin:400]]
[2022.05.22-18.34.16:371][  0]LogConfig: Setting CVar [[r.LensFlareQuality:2]]
[2022.05.22-18.34.16:371][  0]LogConfig: Setting CVar [[r.SceneColorFringeQuality:1]]
[2022.05.22-18.34.16:371][  0]LogConfig: Setting CVar [[r.EyeAdaptationQuality:2]]
[2022.05.22-18.34.16:371][  0]LogConfig: Setting CVar [[r.BloomQuality:5]]
[2022.05.22-18.34.16:371][  0]LogConfig: Setting CVar [[r.FastBlurThreshold:100]]
[2022.05.22-18.34.16:371][  0]LogConfig: Setting CVar [[r.Upscale.Quality:3]]
[2022.05.22-18.34.16:371][  0]LogConfig: Setting CVar [[r.Tonemapper.GrainQuantization:1]]
[2022.05.22-18.34.16:372][  0]LogConfig: Setting CVar [[r.LightShaftQuality:1]]
[2022.05.22-18.34.16:372][  0]LogConfig: Setting CVar [[r.Filter.SizeScale:1]]
[2022.05.22-18.34.16:372][  0]LogConfig: Setting CVar [[r.Tonemapper.Quality:5]]
[2022.05.22-18.34.16:372][  0]LogConfig: Setting CVar [[r.DOF.Gather.AccumulatorQuality:1        ; higher gathering accumulator quality]]
[2022.05.22-18.34.16:372][  0]LogConfig: Setting CVar [[r.DOF.Gather.PostfilterMethod:1          ; Median3x3 postfilering method]]
[2022.05.22-18.34.16:372][  0]LogConfig: Setting CVar [[r.DOF.Gather.EnableBokehSettings:0       ; no bokeh simulation when gathering]]
[2022.05.22-18.34.16:372][  0]LogConfig: Setting CVar [[r.DOF.Gather.RingCount:4                 ; medium number of samples when gathering]]
[2022.05.22-18.34.16:372][  0]LogConfig: Setting CVar [[r.DOF.Scatter.ForegroundCompositing:1    ; additive foreground scattering]]
[2022.05.22-18.34.16:372][  0]LogConfig: Setting CVar [[r.DOF.Scatter.BackgroundCompositing:2    ; additive background scattering]]
[2022.05.22-18.34.16:372][  0]LogConfig: Setting CVar [[r.DOF.Scatter.EnableBokehSettings:1      ; bokeh simulation when scattering]]
[2022.05.22-18.34.16:372][  0]LogConfig: Setting CVar [[r.DOF.Scatter.MaxSpriteRatio:0.1         ; only a maximum of 10% of scattered bokeh]]
[2022.05.22-18.34.16:372][  0]LogConfig: Setting CVar [[r.DOF.Recombine.Quality:1                ; cheap slight out of focus]]
[2022.05.22-18.34.16:372][  0]LogConfig: Setting CVar [[r.DOF.Recombine.EnableBokehSettings:0    ; no bokeh simulation on slight out of focus]]
[2022.05.22-18.34.16:372][  0]LogConfig: Setting CVar [[r.DOF.TemporalAAQuality:1                ; more stable temporal accumulation]]
[2022.05.22-18.34.16:372][  0]LogConfig: Setting CVar [[r.DOF.Kernel.MaxForegroundRadius:0.025]]
[2022.05.22-18.34.16:372][  0]LogConfig: Setting CVar [[r.DOF.Kernel.MaxBackgroundRadius:0.025]]
[2022.05.22-18.34.16:372][  0]LogConfig: Applying CVar settings from Section [TextureQuality@3] File [C:/Users/User/Documents/GitHub/ProjectW/ProjectW/Saved/Config/Windows/Scalability.ini]
[2022.05.22-18.34.16:372][  0]LogConfig: Setting CVar [[r.Streaming.MipBias:0]]
[2022.05.22-18.34.16:372][  0]LogConfig: Setting CVar [[r.Streaming.AmortizeCPUToGPUCopy:0]]
[2022.05.22-18.34.16:372][  0]LogConfig: Setting CVar [[r.Streaming.MaxNumTexturesToStreamPerFrame:0]]
[2022.05.22-18.34.16:372][  0]LogConfig: Setting CVar [[r.Streaming.Boost:1]]
[2022.05.22-18.34.16:372][  0]LogConfig: Setting CVar [[r.MaxAnisotropy:8]]
[2022.05.22-18.34.16:372][  0]LogConfig: Setting CVar [[r.VT.MaxAnisotropy:8]]
[2022.05.22-18.34.16:372][  0]LogConfig: Setting CVar [[r.Streaming.LimitPoolSizeToVRAM:0]]
[2022.05.22-18.34.16:372][  0]LogConfig: Setting CVar [[r.Streaming.PoolSize:1000]]
[2022.05.22-18.34.16:372][  0]LogConfig: Setting CVar [[r.Streaming.MaxEffectiveScreenSize:0]]
[2022.05.22-18.34.16:372][  0]LogConfig: Applying CVar settings from Section [EffectsQuality@3] File [C:/Users/User/Documents/GitHub/ProjectW/ProjectW/Saved/Config/Windows/Scalability.ini]
[2022.05.22-18.34.16:372][  0]LogConfig: Setting CVar [[r.TranslucencyLightingVolumeDim:64]]
[2022.05.22-18.34.16:372][  0]LogConfig: Setting CVar [[r.RefractionQuality:2]]
[2022.05.22-18.34.16:372][  0]LogConfig: Setting CVar [[r.SSR.Quality:3]]
[2022.05.22-18.34.16:372][  0]LogConfig: Setting CVar [[r.SSR.HalfResSceneColor:0]]
[2022.05.22-18.34.16:372][  0]LogConfig: Setting CVar [[r.SceneColorFormat:4]]
[2022.05.22-18.34.16:372][  0]LogConfig: Setting CVar [[r.DetailMode:2]]
[2022.05.22-18.34.16:372][  0]LogConfig: Setting CVar [[r.TranslucencyVolumeBlur:1]]
[2022.05.22-18.34.16:372][  0]LogConfig: Setting CVar [[r.MaterialQualityLevel:1 ; High quality]]
[2022.05.22-18.34.16:372][  0]LogConfig: Setting CVar [[r.AnisotropicMaterials:1]]
[2022.05.22-18.34.16:372][  0]LogConfig: Setting CVar [[r.SSS.Scale:1]]
[2022.05.22-18.34.16:372][  0]LogConfig: Setting CVar [[r.SSS.SampleSet:2]]
[2022.05.22-18.34.16:372][  0]LogConfig: Setting CVar [[r.SSS.Quality:1]]
[2022.05.22-18.34.16:372][  0]LogConfig: Setting CVar [[r.SSS.HalfRes:0]]
[2022.05.22-18.34.16:372][  0]LogConfig: Setting CVar [[r.SSGI.Quality:3]]
[2022.05.22-18.34.16:372][  0]LogConfig: Setting CVar [[r.EmitterSpawnRateScale:1.0]]
[2022.05.22-18.34.16:372][  0]LogConfig: Setting CVar [[r.ParticleLightQuality:2]]
[2022.05.22-18.34.16:372][  0]LogConfig: Setting CVar [[r.SkyAtmosphere.AerialPerspectiveLUT.FastApplyOnOpaque:1 ; Always have FastSkyLUT 1 in this case to avoid wrong sky]]
[2022.05.22-18.34.16:372][  0]LogConfig: Setting CVar [[r.SkyAtmosphere.AerialPerspectiveLUT.SampleCountMaxPerSlice:4]]
[2022.05.22-18.34.16:372][  0]LogConfig: Setting CVar [[r.SkyAtmosphere.AerialPerspectiveLUT.DepthResolution:16.0]]
[2022.05.22-18.34.16:372][  0]LogConfig: Setting CVar [[r.SkyAtmosphere.FastSkyLUT:1]]
[2022.05.22-18.34.16:372][  0]LogConfig: Setting CVar [[r.SkyAtmosphere.FastSkyLUT.SampleCountMin:4.0]]
[2022.05.22-18.34.16:372][  0]LogConfig: Setting CVar [[r.SkyAtmosphere.FastSkyLUT.SampleCountMax:128.0]]
[2022.05.22-18.34.16:372][  0]LogConfig: Setting CVar [[r.SkyAtmosphere.SampleCountMin:4.0]]
[2022.05.22-18.34.16:372][  0]LogConfig: Setting CVar [[r.SkyAtmosphere.SampleCountMax:128.0]]
[2022.05.22-18.34.16:372][  0]LogConfig: Setting CVar [[r.SkyAtmosphere.TransmittanceLUT.UseSmallFormat:0]]
[2022.05.22-18.34.16:372][  0]LogConfig: Setting CVar [[r.SkyAtmosphere.TransmittanceLUT.SampleCount:10.0]]
[2022.05.22-18.34.16:372][  0]LogConfig: Setting CVar [[r.SkyAtmosphere.MultiScatteringLUT.SampleCount:15.0]]
[2022.05.22-18.34.16:372][  0]LogConfig: Setting CVar [[r.SkyLight.RealTimeReflectionCapture:1]]
[2022.05.22-18.34.16:372][  0]LogConfig: Applying CVar settings from Section [FoliageQuality@3] File [C:/Users/User/Documents/GitHub/ProjectW/ProjectW/Saved/Config/Windows/Scalability.ini]
[2022.05.22-18.34.16:372][  0]LogConfig: Setting CVar [[foliage.DensityScale:1.0]]
[2022.05.22-18.34.16:372][  0]LogConfig: Setting CVar [[grass.DensityScale:1.0]]
[2022.05.22-18.34.16:372][  0]LogConfig: Applying CVar settings from Section [ShadingQuality@3] File [C:/Users/User/Documents/GitHub/ProjectW/ProjectW/Saved/Config/Windows/Scalability.ini]
[2022.05.22-18.34.16:372][  0]LogConfig: Setting CVar [[r.HairStrands.SkyLighting.IntegrationType:2]]
[2022.05.22-18.34.16:372][  0]LogConfig: Setting CVar [[r.HairStrands.SkyAO.SampleCount:4]]
[2022.05.22-18.34.16:372][  0]LogConfig: Setting CVar [[r.HairStrands.Visibility.MSAA.SamplePerPixel:4]]
[2022.05.22-18.34.16:372][  0]LogInit: Selected Device Profile: [Windows]
[2022.05.22-18.34.16:372][  0]LogInit: Applying CVar settings loaded from the selected device profile: [Windows]
[2022.05.22-18.34.16:372][  0]LogHAL: Display: Platform has ~ 32 GB [34294743040 / 34359738368 / 32], which maps to Largest [LargestMinGB=32, LargerMinGB=12, DefaultMinGB=8, SmallerMinGB=6, SmallestMinGB=0)
[2022.05.22-18.34.16:372][  0]LogInit: Going up to parent DeviceProfile []
[2022.05.22-18.34.16:372][  0]LogConfig: Applying CVar settings from Section [ViewDistanceQuality@3] File [C:/Users/User/Documents/GitHub/ProjectW/ProjectW/Saved/Config/Windows/Scalability.ini]
[2022.05.22-18.34.16:372][  0]LogConfig: Setting CVar [[r.SkeletalMeshLODBias:0]]
[2022.05.22-18.34.16:372][  0]LogConfig: Setting CVar [[r.ViewDistanceScale:1.0]]
[2022.05.22-18.34.16:372][  0]LogConfig: Applying CVar settings from Section [AntiAliasingQuality@3] File [C:/Users/User/Documents/GitHub/ProjectW/ProjectW/Saved/Config/Windows/Scalability.ini]
[2022.05.22-18.34.16:372][  0]LogConfig: Setting CVar [[r.PostProcessAAQuality:4]]
[2022.05.22-18.34.16:372][  0]LogConfig: Applying CVar settings from Section [ShadowQuality@3] File [C:/Users/User/Documents/GitHub/ProjectW/ProjectW/Saved/Config/Windows/Scalability.ini]
[2022.05.22-18.34.16:372][  0]LogConfig: Setting CVar [[r.LightFunctionQuality:1]]
[2022.05.22-18.34.16:372][  0]LogConfig: Setting CVar [[r.ShadowQuality:5]]
[2022.05.22-18.34.16:372][  0]LogConfig: Setting CVar [[r.Shadow.CSM.MaxCascades:10]]
[2022.05.22-18.34.16:372][  0]LogConfig: Setting CVar [[r.Shadow.MaxResolution:2048]]
[2022.05.22-18.34.16:372][  0]LogConfig: Setting CVar [[r.Shadow.MaxCSMResolution:2048]]
[2022.05.22-18.34.16:372][  0]LogConfig: Setting CVar [[r.Shadow.RadiusThreshold:0.01]]
[2022.05.22-18.34.16:372][  0]LogConfig: Setting CVar [[r.Shadow.DistanceScale:1.0]]
[2022.05.22-18.34.16:372][  0]LogConfig: Setting CVar [[r.Shadow.CSM.TransitionScale:1.0]]
[2022.05.22-18.34.16:372][  0]LogConfig: Setting CVar [[r.Shadow.PreShadowResolutionFactor:1.0]]
[2022.05.22-18.34.16:372][  0]LogConfig: Setting CVar [[r.DistanceFieldShadowing:1]]
[2022.05.22-18.34.16:372][  0]LogConfig: Setting CVar [[r.DistanceFieldAO:1]]
[2022.05.22-18.34.16:372][  0]LogConfig: Setting CVar [[r.AOQuality:2]]
[2022.05.22-18.34.16:373][  0]LogConfig: Setting CVar [[r.VolumetricFog:1]]
[2022.05.22-18.34.16:373][  0]LogConfig: Setting CVar [[r.VolumetricFog.GridPixelSize:8]]
[2022.05.22-18.34.16:373][  0]LogConfig: Setting CVar [[r.VolumetricFog.GridSizeZ:128]]
[2022.05.22-18.34.16:373][  0]LogConfig: Setting CVar [[r.VolumetricFog.HistoryMissSupersampleCount:4]]
[2022.05.22-18.34.16:373][  0]LogConfig: Setting CVar [[r.LightMaxDrawDistanceScale:1]]
[2022.05.22-18.34.16:373][  0]LogConfig: Setting CVar [[r.CapsuleShadows:1]]
[2022.05.22-18.34.16:373][  0]LogConfig: Applying CVar settings from Section [PostProcessQuality@3] File [C:/Users/User/Documents/GitHub/ProjectW/ProjectW/Saved/Config/Windows/Scalability.ini]
[2022.05.22-18.34.16:373][  0]LogConfig: Setting CVar [[r.MotionBlurQuality:4]]
[2022.05.22-18.34.16:373][  0]LogConfig: Setting CVar [[r.AmbientOcclusionMipLevelFactor:0.4]]
[2022.05.22-18.34.16:373][  0]LogConfig: Setting CVar [[r.AmbientOcclusionMaxQuality:100]]
[2022.05.22-18.34.16:373][  0]LogConfig: Setting CVar [[r.AmbientOcclusionLevels:-1]]
[2022.05.22-18.34.16:373][  0]LogConfig: Setting CVar [[r.AmbientOcclusionRadiusScale:1.0]]
[2022.05.22-18.34.16:373][  0]LogConfig: Setting CVar [[r.DepthOfFieldQuality:2]]
[2022.05.22-18.34.16:373][  0]LogConfig: Setting CVar [[r.RenderTargetPoolMin:400]]
[2022.05.22-18.34.16:373][  0]LogConfig: Setting CVar [[r.LensFlareQuality:2]]
[2022.05.22-18.34.16:373][  0]LogConfig: Setting CVar [[r.SceneColorFringeQuality:1]]
[2022.05.22-18.34.16:373][  0]LogConfig: Setting CVar [[r.EyeAdaptationQuality:2]]
[2022.05.22-18.34.16:373][  0]LogConfig: Setting CVar [[r.BloomQuality:5]]
[2022.05.22-18.34.16:373][  0]LogConfig: Setting CVar [[r.FastBlurThreshold:100]]
[2022.05.22-18.34.16:373][  0]LogConfig: Setting CVar [[r.Upscale.Quality:3]]
[2022.05.22-18.34.16:373][  0]LogConfig: Setting CVar [[r.Tonemapper.GrainQuantization:1]]
[2022.05.22-18.34.16:373][  0]LogConfig: Setting CVar [[r.LightShaftQuality:1]]
[2022.05.22-18.34.16:373][  0]LogConfig: Setting CVar [[r.Filter.SizeScale:1]]
[2022.05.22-18.34.16:373][  0]LogConfig: Setting CVar [[r.Tonemapper.Quality:5]]
[2022.05.22-18.34.16:373][  0]LogConfig: Setting CVar [[r.DOF.Gather.AccumulatorQuality:1        ; higher gathering accumulator quality]]
[2022.05.22-18.34.16:373][  0]LogConfig: Setting CVar [[r.DOF.Gather.PostfilterMethod:1          ; Median3x3 postfilering method]]
[2022.05.22-18.34.16:373][  0]LogConfig: Setting CVar [[r.DOF.Gather.EnableBokehSettings:0       ; no bokeh simulation when gathering]]
[2022.05.22-18.34.16:373][  0]LogConfig: Setting CVar [[r.DOF.Gather.RingCount:4                 ; medium number of samples when gathering]]
[2022.05.22-18.34.16:373][  0]LogConfig: Setting CVar [[r.DOF.Scatter.ForegroundCompositing:1    ; additive foreground scattering]]
[2022.05.22-18.34.16:373][  0]LogConfig: Setting CVar [[r.DOF.Scatter.BackgroundCompositing:2    ; additive background scattering]]
[2022.05.22-18.34.16:373][  0]LogConfig: Setting CVar [[r.DOF.Scatter.EnableBokehSettings:1      ; bokeh simulation when scattering]]
[2022.05.22-18.34.16:373][  0]LogConfig: Setting CVar [[r.DOF.Scatter.MaxSpriteRatio:0.1         ; only a maximum of 10% of scattered bokeh]]
[2022.05.22-18.34.16:373][  0]LogConfig: Setting CVar [[r.DOF.Recombine.Quality:1                ; cheap slight out of focus]]
[2022.05.22-18.34.16:373][  0]LogConfig: Setting CVar [[r.DOF.Recombine.EnableBokehSettings:0    ; no bokeh simulation on slight out of focus]]
[2022.05.22-18.34.16:373][  0]LogConfig: Setting CVar [[r.DOF.TemporalAAQuality:1                ; more stable temporal accumulation]]
[2022.05.22-18.34.16:373][  0]LogConfig: Setting CVar [[r.DOF.Kernel.MaxForegroundRadius:0.025]]
[2022.05.22-18.34.16:373][  0]LogConfig: Setting CVar [[r.DOF.Kernel.MaxBackgroundRadius:0.025]]
[2022.05.22-18.34.16:373][  0]LogConfig: Applying CVar settings from Section [TextureQuality@3] File [C:/Users/User/Documents/GitHub/ProjectW/ProjectW/Saved/Config/Windows/Scalability.ini]
[2022.05.22-18.34.16:373][  0]LogConfig: Setting CVar [[r.Streaming.MipBias:0]]
[2022.05.22-18.34.16:373][  0]LogConfig: Setting CVar [[r.Streaming.AmortizeCPUToGPUCopy:0]]
[2022.05.22-18.34.16:373][  0]LogConfig: Setting CVar [[r.Streaming.MaxNumTexturesToStreamPerFrame:0]]
[2022.05.22-18.34.16:373][  0]LogConfig: Setting CVar [[r.Streaming.Boost:1]]
[2022.05.22-18.34.16:373][  0]LogConfig: Setting CVar [[r.MaxAnisotropy:8]]
[2022.05.22-18.34.16:373][  0]LogConfig: Setting CVar [[r.VT.MaxAnisotropy:8]]
[2022.05.22-18.34.16:373][  0]LogConfig: Setting CVar [[r.Streaming.LimitPoolSizeToVRAM:0]]
[2022.05.22-18.34.16:373][  0]LogConfig: Setting CVar [[r.Streaming.PoolSize:1000]]
[2022.05.22-18.34.16:373][  0]LogConfig: Setting CVar [[r.Streaming.MaxEffectiveScreenSize:0]]
[2022.05.22-18.34.16:373][  0]LogConfig: Applying CVar settings from Section [EffectsQuality@3] File [C:/Users/User/Documents/GitHub/ProjectW/ProjectW/Saved/Config/Windows/Scalability.ini]
[2022.05.22-18.34.16:373][  0]LogConfig: Setting CVar [[r.TranslucencyLightingVolumeDim:64]]
[2022.05.22-18.34.16:373][  0]LogConfig: Setting CVar [[r.RefractionQuality:2]]
[2022.05.22-18.34.16:373][  0]LogConfig: Setting CVar [[r.SSR.Quality:3]]
[2022.05.22-18.34.16:373][  0]LogConfig: Setting CVar [[r.SSR.HalfResSceneColor:0]]
[2022.05.22-18.34.16:373][  0]LogConfig: Setting CVar [[r.SceneColorFormat:4]]
[2022.05.22-18.34.16:373][  0]LogConfig: Setting CVar [[r.DetailMode:2]]
[2022.05.22-18.34.16:373][  0]LogConfig: Setting CVar [[r.TranslucencyVolumeBlur:1]]
[2022.05.22-18.34.16:373][  0]LogConfig: Setting CVar [[r.MaterialQualityLevel:1 ; High quality]]
[2022.05.22-18.34.16:373][  0]LogConfig: Setting CVar [[r.AnisotropicMaterials:1]]
[2022.05.22-18.34.16:373][  0]LogConfig: Setting CVar [[r.SSS.Scale:1]]
[2022.05.22-18.34.16:373][  0]LogConfig: Setting CVar [[r.SSS.SampleSet:2]]
[2022.05.22-18.34.16:373][  0]LogConfig: Setting CVar [[r.SSS.Quality:1]]
[2022.05.22-18.34.16:373][  0]LogConfig: Setting CVar [[r.SSS.HalfRes:0]]
[2022.05.22-18.34.16:373][  0]LogConfig: Setting CVar [[r.SSGI.Quality:3]]
[2022.05.22-18.34.16:373][  0]LogConfig: Setting CVar [[r.EmitterSpawnRateScale:1.0]]
[2022.05.22-18.34.16:373][  0]LogConfig: Setting CVar [[r.ParticleLightQuality:2]]
[2022.05.22-18.34.16:373][  0]LogConfig: Setting CVar [[r.SkyAtmosphere.AerialPerspectiveLUT.FastApplyOnOpaque:1 ; Always have FastSkyLUT 1 in this case to avoid wrong sky]]
[2022.05.22-18.34.16:373][  0]LogConfig: Setting CVar [[r.SkyAtmosphere.AerialPerspectiveLUT.SampleCountMaxPerSlice:4]]
[2022.05.22-18.34.16:373][  0]LogConfig: Setting CVar [[r.SkyAtmosphere.AerialPerspectiveLUT.DepthResolution:16.0]]
[2022.05.22-18.34.16:373][  0]LogConfig: Setting CVar [[r.SkyAtmosphere.FastSkyLUT:1]]
[2022.05.22-18.34.16:373][  0]LogConfig: Setting CVar [[r.SkyAtmosphere.FastSkyLUT.SampleCountMin:4.0]]
[2022.05.22-18.34.16:373][  0]LogConfig: Setting CVar [[r.SkyAtmosphere.FastSkyLUT.SampleCountMax:128.0]]
[2022.05.22-18.34.16:373][  0]LogConfig: Setting CVar [[r.SkyAtmosphere.SampleCountMin:4.0]]
[2022.05.22-18.34.16:373][  0]LogConfig: Setting CVar [[r.SkyAtmosphere.SampleCountMax:128.0]]
[2022.05.22-18.34.16:373][  0]LogConfig: Setting CVar [[r.SkyAtmosphere.TransmittanceLUT.UseSmallFormat:0]]
[2022.05.22-18.34.16:373][  0]LogConfig: Setting CVar [[r.SkyAtmosphere.TransmittanceLUT.SampleCount:10.0]]
[2022.05.22-18.34.16:373][  0]LogConfig: Setting CVar [[r.SkyAtmosphere.MultiScatteringLUT.SampleCount:15.0]]
[2022.05.22-18.34.16:373][  0]LogConfig: Setting CVar [[r.SkyLight.RealTimeReflectionCapture:1]]
[2022.05.22-18.34.16:373][  0]LogConfig: Applying CVar settings from Section [FoliageQuality@3] File [C:/Users/User/Documents/GitHub/ProjectW/ProjectW/Saved/Config/Windows/Scalability.ini]
[2022.05.22-18.34.16:373][  0]LogConfig: Setting CVar [[foliage.DensityScale:1.0]]
[2022.05.22-18.34.16:373][  0]LogConfig: Setting CVar [[grass.DensityScale:1.0]]
[2022.05.22-18.34.16:373][  0]LogConfig: Applying CVar settings from Section [ShadingQuality@3] File [C:/Users/User/Documents/GitHub/ProjectW/ProjectW/Saved/Config/Windows/Scalability.ini]
[2022.05.22-18.34.16:373][  0]LogConfig: Setting CVar [[r.HairStrands.SkyLighting.IntegrationType:2]]
[2022.05.22-18.34.16:373][  0]LogConfig: Setting CVar [[r.HairStrands.SkyAO.SampleCount:4]]
[2022.05.22-18.34.16:373][  0]LogConfig: Setting CVar [[r.HairStrands.Visibility.MSAA.SamplePerPixel:4]]
[2022.05.22-18.34.16:373][  0]LogConfig: Applying CVar settings from Section [Startup] File [../../../Engine/Config/ConsoleVariables.ini]
[2022.05.22-18.34.16:374][  0]LogConfig: Setting CVar [[net.UseAdaptiveNetUpdateFrequency:0]]
[2022.05.22-18.34.16:374][  0]LogConfig: Setting CVar [[p.chaos.AllowCreatePhysxBodies:1]]
[2022.05.22-18.34.16:374][  0]LogConfig: Setting CVar [[fx.SkipVectorVMBackendOptimizations:1]]
[2022.05.22-18.34.16:374][  0]LogConfig: Applying CVar settings from Section [ConsoleVariables] File [C:/Users/User/Documents/GitHub/ProjectW/ProjectW/Saved/Config/Windows/Engine.ini]
[2022.05.22-18.34.16:374][  0]LogConfig: Applying CVar settings from Section [ConsoleVariables] File [C:/Users/User/Documents/GitHub/ProjectW/ProjectW/Saved/Config/Windows/Editor.ini]
[2022.05.22-18.34.16:374][  0]LogInit: Computer: DESKTOP-3F13A7O
[2022.05.22-18.34.16:374][  0]LogInit: User: User
[2022.05.22-18.34.16:374][  0]LogInit: CPU Page size=4096, Cores=6
[2022.05.22-18.34.16:374][  0]LogInit: High frequency timer resolution =10.000000 MHz
[2022.05.22-18.34.16:374][  0]LogMemory: Memory total: Physical=31.9GB (32GB approx)
[2022.05.22-18.34.16:374][  0]LogMemory: Platform Memory Stats for Windows
[2022.05.22-18.34.16:374][  0]LogMemory: Process Physical Memory: 149.78 MB used, 149.79 MB peak
[2022.05.22-18.34.16:374][  0]LogMemory: Process Virtual Memory: 128.15 MB used, 128.15 MB peak
[2022.05.22-18.34.16:374][  0]LogMemory: Physical Memory: 10638.53 MB used,  22067.48 MB free, 32706.02 MB total
[2022.05.22-18.34.16:374][  0]LogMemory: Virtual Memory: 134195760.00 MB used,  21971.38 MB free, 134217728.00 MB total
[2022.05.22-18.34.16:383][  0]LogWindows: WindowsPlatformFeatures enabled
[2022.05.22-18.34.16:487][  0]LogInit: Physics initialised using underlying interface: PhysX
[2022.05.22-18.34.16:488][  0]LogInit: Overriding language with editor language configuration option (en).
[2022.05.22-18.34.16:488][  0]LogInit: Overriding language with editor locale configuration option (en).
[2022.05.22-18.34.16:679][  0]LogInit: Setting process to per monitor DPI aware
[2022.05.22-18.34.16:720][  0]LogWindowsTextInputMethodSystem: Display: IME system deactivated.
[2022.05.22-18.34.16:742][  0]LogSlate: New Slate User Created.  User Index 0, Is Virtual User: 0
[2022.05.22-18.34.16:742][  0]LogSlate: Slate User Registered.  User Index 0, Is Virtual User: 0
[2022.05.22-18.34.16:907][  0]LogD3D11RHI: Loaded GFSDK_Aftermath_Lib.x64.dll
[2022.05.22-18.34.16:911][  0]LogHMD: Failed to initialize OpenVR with code 110
[2022.05.22-18.34.16:911][  0]LogD3D11RHI: D3D11 min allowed feature level: 11_0
[2022.05.22-18.34.16:911][  0]LogD3D11RHI: D3D11 max allowed feature level: 11_0
[2022.05.22-18.34.16:911][  0]LogD3D11RHI: D3D11 adapters:
[2022.05.22-18.34.17:067][  0]LogD3D11RHI:    0. 'NVIDIA GeForce RTX 2070 SUPER' (Feature Level 11_0)
[2022.05.22-18.34.17:067][  0]LogD3D11RHI:       8012/0/16353 MB DedicatedVideo/DedicatedSystem/SharedSystem, Outputs:2, VendorId:0x10de
[2022.05.22-18.34.17:069][  0]LogD3D11RHI:    1. 'Microsoft Basic Render Driver' (Feature Level 11_0)
[2022.05.22-18.34.17:069][  0]LogD3D11RHI:       0/0/16353 MB DedicatedVideo/DedicatedSystem/SharedSystem, Outputs:0, VendorId:0x1414
[2022.05.22-18.34.17:069][  0]LogD3D11RHI: Chosen D3D11 Adapter:
[2022.05.22-18.34.17:069][  0]LogD3D11RHI:     Description : NVIDIA GeForce RTX 2070 SUPER
[2022.05.22-18.34.17:069][  0]LogD3D11RHI:     VendorId    : 10de
[2022.05.22-18.34.17:069][  0]LogD3D11RHI:     DeviceId    : 1e84
[2022.05.22-18.34.17:069][  0]LogD3D11RHI:     SubSysId    : 7377
[2022.05.22-18.34.17:069][  0]LogD3D11RHI:     Revision    : 00a1
[2022.05.22-18.34.17:069][  0]LogD3D11RHI:     DedicatedVideoMemory : 8401190912 bytes
[2022.05.22-18.34.17:069][  0]LogD3D11RHI:     DedicatedSystemMemory : 0 bytes
[2022.05.22-18.34.17:069][  0]LogD3D11RHI:     SharedSystemMemory : 17147371520 bytes
[2022.05.22-18.34.17:069][  0]LogD3D11RHI:     AdapterLuid : 0 58749
[2022.05.22-18.34.17:075][  0]LogD3D11RHI: Creating new Direct3DDevice
[2022.05.22-18.34.17:075][  0]LogD3D11RHI:     GPU DeviceId: 0x1e84 (for the marketing name, search the web for "GPU Device Id")
[2022.05.22-18.34.17:075][  0]LogWindows: EnumDisplayDevices:
[2022.05.22-18.34.17:075][  0]LogWindows:    0. 'NVIDIA GeForce RTX 2070 SUPER' (P:1 D:1)
[2022.05.22-18.34.17:076][  0]LogWindows:    1. 'NVIDIA GeForce RTX 2070 SUPER' (P:0 D:1)
[2022.05.22-18.34.17:077][  0]LogWindows:    2. 'NVIDIA GeForce RTX 2070 SUPER' (P:0 D:0)
[2022.05.22-18.34.17:078][  0]LogWindows:    3. 'NVIDIA GeForce RTX 2070 SUPER' (P:0 D:0)
[2022.05.22-18.34.17:078][  0]LogWindows: DebugString: FoundDriverCount:4 
[2022.05.22-18.34.17:078][  0]LogD3D11RHI:     Adapter Name: NVIDIA GeForce RTX 2070 SUPER
[2022.05.22-18.34.17:078][  0]LogD3D11RHI:   Driver Version: 511.79 (internal:30.0.15.1179, unified:511.79)
[2022.05.22-18.34.17:078][  0]LogD3D11RHI:      Driver Date: 2-10-2022
[2022.05.22-18.34.17:078][  0]LogRHI: Texture pool is 5608 MB (70% of 8012 MB)
[2022.05.22-18.34.17:078][  0]LogD3D11RHI: Creating D3DDevice using adapter:
[2022.05.22-18.34.17:078][  0]LogD3D11RHI:     Description : NVIDIA GeForce RTX 2070 SUPER
[2022.05.22-18.34.17:078][  0]LogD3D11RHI:     VendorId    : 10de
[2022.05.22-18.34.17:078][  0]LogD3D11RHI:     DeviceId    : 1e84
[2022.05.22-18.34.17:078][  0]LogD3D11RHI:     SubSysId    : 7377
[2022.05.22-18.34.17:078][  0]LogD3D11RHI:     Revision    : 00a1
[2022.05.22-18.34.17:078][  0]LogD3D11RHI:     DedicatedVideoMemory : 8401190912 bytes
[2022.05.22-18.34.17:078][  0]LogD3D11RHI:     DedicatedSystemMemory : 0 bytes
[2022.05.22-18.34.17:078][  0]LogD3D11RHI:     SharedSystemMemory : 17147371520 bytes
[2022.05.22-18.34.17:078][  0]LogD3D11RHI:     AdapterLuid : 0 58749
[2022.05.22-18.34.17:143][  0]LogD3D11RHI: RHI has support for 64 bit atomics
[2022.05.22-18.34.17:144][  0]LogD3D11RHI: Async texture creation enabled
[2022.05.22-18.34.17:144][  0]LogD3D11RHI: Array index from any shader is supported
[2022.05.22-18.34.17:163][  0]LogD3D11RHI: GPU Timing Frequency: 1000.000000 (Debug: 2 1)
[2022.05.22-18.34.17:246][  0]LogRHI: GeForceNow SDK initialized: 1
[2022.05.22-18.34.17:604][  0]LogTargetPlatformManager: Display: Loaded TargetPlatform 'AllDesktop'
[2022.05.22-18.34.17:631][  0]LogTargetPlatformManager: Display: Loaded TargetPlatform 'Android'
[2022.05.22-18.34.17:631][  0]LogTargetPlatformManager: Display: Loaded TargetPlatform 'Android_ASTC'
[2022.05.22-18.34.17:631][  0]LogTargetPlatformManager: Display: Loaded TargetPlatform 'Android_DXT'
[2022.05.22-18.34.17:631][  0]LogTargetPlatformManager: Display: Loaded TargetPlatform 'Android_ETC2'
[2022.05.22-18.34.17:631][  0]LogTargetPlatformManager: Display: Loaded TargetPlatform 'AndroidClient'
[2022.05.22-18.34.17:631][  0]LogTargetPlatformManager: Display: Loaded TargetPlatform 'Android_ASTCClient'
[2022.05.22-18.34.17:631][  0]LogTargetPlatformManager: Display: Loaded TargetPlatform 'Android_DXTClient'
[2022.05.22-18.34.17:631][  0]LogTargetPlatformManager: Display: Loaded TargetPlatform 'Android_ETC2Client'
[2022.05.22-18.34.17:631][  0]LogTargetPlatformManager: Display: Loaded TargetPlatform 'Android_Multi'
[2022.05.22-18.34.17:631][  0]LogTargetPlatformManager: Display: Loaded TargetPlatform 'Android_MultiClient'
[2022.05.22-18.34.17:658][  0]LogTargetPlatformManager: Display: Loaded TargetPlatform 'IOSClient'
[2022.05.22-18.34.17:658][  0]LogTargetPlatformManager: Display: Loaded TargetPlatform 'IOS'
[2022.05.22-18.34.17:672][  0]LogTargetPlatformManager: Display: Loaded TargetPlatform 'Linux'
[2022.05.22-18.34.17:679][  0]LogTargetPlatformManager: Display: Loaded TargetPlatform 'LinuxNoEditor'
[2022.05.22-18.34.17:686][  0]LogTargetPlatformManager: Display: Loaded TargetPlatform 'LinuxClient'
[2022.05.22-18.34.17:692][  0]LogTargetPlatformManager: Display: Loaded TargetPlatform 'LinuxServer'
[2022.05.22-18.34.17:704][  0]LogTargetPlatformManager: Display: Loaded TargetPlatform 'LinuxAArch64NoEditor'
[2022.05.22-18.34.17:710][  0]LogTargetPlatformManager: Display: Loaded TargetPlatform 'LinuxAArch64Client'
[2022.05.22-18.34.17:716][  0]LogTargetPlatformManager: Display: Loaded TargetPlatform 'LinuxAArch64Server'
[2022.05.22-18.34.17:748][  0]LogTargetPlatformManager: Display: Loaded TargetPlatform 'Lumin'
[2022.05.22-18.34.17:748][  0]LogTargetPlatformManager: Display: Loaded TargetPlatform 'LuminClient'
[2022.05.22-18.34.17:760][  0]LogTargetPlatformManager: Display: Loaded TargetPlatform 'MacNoEditor'
[2022.05.22-18.34.17:766][  0]LogTargetPlatformManager: Display: Loaded TargetPlatform 'Mac'
[2022.05.22-18.34.17:772][  0]LogTargetPlatformManager: Display: Loaded TargetPlatform 'MacClient'
[2022.05.22-18.34.17:778][  0]LogTargetPlatformManager: Display: Loaded TargetPlatform 'MacServer'
[2022.05.22-18.34.17:792][  0]LogTargetPlatformManager: Display: Loaded TargetPlatform 'TVOSClient'
[2022.05.22-18.34.17:792][  0]LogTargetPlatformManager: Display: Loaded TargetPlatform 'TVOS'
[2022.05.22-18.34.17:804][  0]LogTargetPlatformManager: Display: Loaded TargetPlatform 'WindowsNoEditor'
[2022.05.22-18.34.17:810][  0]LogTargetPlatformManager: Display: Loaded TargetPlatform 'Windows'
[2022.05.22-18.34.17:817][  0]LogTargetPlatformManager: Display: Loaded TargetPlatform 'WindowsClient'
[2022.05.22-18.34.17:823][  0]LogTargetPlatformManager: Display: Loaded TargetPlatform 'WindowsServer'
[2022.05.22-18.34.17:823][  0]LogTargetPlatformManager: Display: Building Assets For Windows
[2022.05.22-18.34.17:835][  0]LogAudioDebug: Display: Lib vorbis DLL was dynamically loaded.
[2022.05.22-18.34.17:883][  0]LogTextureFormatOodle: Display: Oodle Texture 2.9.0 init RDO Off
[2022.05.22-18.34.17:929][  0]LogRendererCore: Ray tracing is disabled. Reason: r.RayTracing=0.
[2022.05.22-18.34.17:929][  0]LogShaderCompilers: Guid format shader working directory is -18 characters bigger than the processId version (../../../../../../Users/User/Documents/GitHub/ProjectW/ProjectW/Intermediate/Shaders/WorkingDirectory/2940/).
[2022.05.22-18.34.17:929][  0]LogShaderCompilers: Cleaned the shader compiler working directory 'C:/Users/User/AppData/Local/Temp/UnrealShaderWorkingDir/A4227CE744E88D0D184F709410A6486B/'.
[2022.05.22-18.34.17:930][  0]LogXGEController: Cannot use XGE Controller as Incredibuild is not installed on this machine.
[2022.05.22-18.34.17:930][  0]LogShaderCompilers: Cannot use XGE Shader Compiler as Incredibuild is not installed on this machine.
[2022.05.22-18.34.17:930][  0]LogShaderCompilers: Display: Using Local Shader Compiler.
[2022.05.22-18.34.18:645][  0]LogDerivedDataCache: Display: Max Cache Size: 512 MB
[2022.05.22-18.34.18:701][  0]LogDerivedDataCache: Loaded boot cache 0.05s 103MB C:/Users/User/AppData/Local/UnrealEngine/4.27/DerivedDataCache/Boot.ddc.
[2022.05.22-18.34.18:701][  0]LogDerivedDataCache: Display: Loaded Boot cache: C:/Users/User/AppData/Local/UnrealEngine/4.27/DerivedDataCache/Boot.ddc
[2022.05.22-18.34.18:701][  0]LogDerivedDataCache: FDerivedDataBackendGraph:  Pak pak cache file ../../../../../../Users/User/Documents/GitHub/ProjectW/ProjectW/DerivedDataCache/DDC.ddp not found, will not use a pak cache.
[2022.05.22-18.34.18:701][  0]LogDerivedDataCache: Unable to find inner node Pak for hierarchical cache Hierarchy.
[2022.05.22-18.34.18:701][  0]LogDerivedDataCache: FDerivedDataBackendGraph:  CompressedPak pak cache file ../../../../../../Users/User/Documents/GitHub/ProjectW/ProjectW/DerivedDataCache/Compressed.ddp not found, will not use a pak cache.
[2022.05.22-18.34.18:701][  0]LogDerivedDataCache: Unable to find inner node CompressedPak for hierarchical cache Hierarchy.
[2022.05.22-18.34.18:716][  0]LogDerivedDataCache: Display: Pak cache opened for reading ../../../Engine/DerivedDataCache/Compressed.ddp.
[2022.05.22-18.34.18:716][  0]LogDerivedDataCache: FDerivedDataBackendGraph:  EnterprisePak pak cache file ../../../Enterprise/DerivedDataCache/Compressed.ddp not found, will not use a pak cache.
[2022.05.22-18.34.18:716][  0]LogDerivedDataCache: Unable to find inner node EnterprisePak for hierarchical cache Hierarchy.
[2022.05.22-18.34.18:724][  0]LogDerivedDataCache: Speed tests for C:/Users/User/AppData/Local/UnrealEngine/Common/DerivedDataCache took 0.01 seconds
[2022.05.22-18.34.18:725][  0]LogDerivedDataCache: Display: Performance to C:/Users/User/AppData/Local/UnrealEngine/Common/DerivedDataCache: Latency=0.04ms. RandomReadSpeed=272.00MBs, RandomWriteSpeed=226.03MBs. Assigned SpeedClass 'Local'
[2022.05.22-18.34.18:725][  0]LogDerivedDataCache: Using Local data cache path C:/Users/User/AppData/Local/UnrealEngine/Common/DerivedDataCache: Writable
[2022.05.22-18.34.18:725][  0]LogDerivedDataCache: Shared data cache path not found in *engine.ini, will not use an Shared cache.
[2022.05.22-18.34.18:725][  0]LogDerivedDataCache: Unable to find inner node Shared for hierarchical cache Hierarchy.
[2022.05.22-18.34.18:769][  0]LogSlate: Using FreeType 2.10.0
[2022.05.22-18.34.18:770][  0]LogSlate: SlateFontServices - WITH_FREETYPE: 1, WITH_HARFBUZZ: 1
[2022.05.22-18.34.18:792][  0]LogAssetRegistry: FAssetRegistry took 0.0026 seconds to start up
[2022.05.22-18.34.19:019][  0]LogInit: Selected Device Profile: [Windows]
[2022.05.22-18.34.19:019][  0]LogInit: Active device profile: [0000015A1ACCFE00][0000015A1A860B40 49] Windows
[2022.05.22-18.34.19:019][  0]LogInit: Profiles: [0000015A1ACCFE00][0000015A1A860B40 49] Windows, [0000015A1AC7C300][0000015A1AB5CCC0 49] WindowsNoEditor, [0000015A1ACCC300][0000015A1AB60E40 49] WindowsServer, [0000015A1AC7D600][0000015A1AB64FC0 49] WindowsClient, [0000015A1ACCD500][0000015A1AB69140 49] IOS, [0000015A1AC7E400][0000015A1AB6D2C0 49] iPadAir, [0000015A1ACCE300][0000015A1AB71440 49] iPadAir2, [0000015A1AC2FD00][0000015A1AB79700 49] IPadPro, [0000015A1AC2FE00][0000015A1AB75740 49] iPadAir3, [0000015A1ACCF900][0000015A1AB7D8C0 49] iPadAir4, [0000015A1AC2C800][0000015A196BDA40 49] iPadMini2, [0000015A1ACCC600][0000015A196C1BC0 49] iPadMini3, [0000015A1AC2ED00][0000015A196C41C0 49] iPadMini4, [0000015A1ACCD100][0000015A196C8340 49] iPadMini5, [0000015A1AC7B600][0000015A196D0600 49] iPhone6, [0000015A1AC7B700][0000015A196CC640 49] iPodTouch6, [0000015A1AC2E000][0000015A196D8900 49] iPhone7, [0000015A1AC2E100][0000015A196D4940 49] iPodTouch7, [0000015A1AC78700][0000015A1A864A80 49] iPhone5S, [0000015A1AC2CD00][0000015A196DCBC0 49] iPhone6Plus, [0000015A1AC79100][0000015A196E0D00 49] iPhone6S, [0000015A1AC2DA00][0000015A196E8E80 49] iPhone6SPlus, [0000015A1AC7B400][0000015A196ED000 49] iPhone7Plus, [0000015A1AC2EB00][0000015A196F1180 49] iPhoneSE, [0000015A1AC78D00][0000015A196F5300 49] iPhone8, [0000015A1AC2FF00][0000015A196F9480 49] iPhone8Plus, [0000015A1AC7A700][0000015A196FD600 49] iPhoneX, [0000015A1AC2E900][0000015A19701780 49] iPhoneXS, [0000015A1AC78300][0000015A19705900 49] iPhoneXSMax, [0000015A1AC2D700][0000015A19709A80 49] iPhoneXR, [0000015A1AC79200][0000015A1970DC00 49] iPhone11, [0000015A1AC2FA00][0000015A19710200 49] iPhone11Pro, [0000015A1AC78600][0000015A10BA2380 49] iPhone11ProMax, [0000015A1AC2DB00][0000015A10BA6500 49] iPhoneSE2, [0000015A1AC7B800][0000015A10BAA680 49] iPhone12Mini, [0000015A1AC2EA00][0000015A10BAE800 49] iPhone12, [0000015A1AC78400][0000015A10BB2980 49] iPhone12Pro, [0000015A1AC2E400][0000015A10BB6B00 49] iPhone12ProMax, [0000015A1AC78800][0000015A196E4C40 49] iPadPro105, [0000015A1AC2E500][0000015A10BBAD80 49] iPadPro129, [0000015A1AC7B300][0000015A10BBEEC0 49] iPadPro97, [0000015A1AC2DD00][0000015A10BC7040 49] iPadPro2_129, [0000015A1AC78B00][0000015A10BCB1C0 49] iPad5, [0000015A1AC2F000][0000015A10BCF340 49] iPad6, [0000015A1AC79C00][0000015A10BD34C0 49] iPad7, [0000015A1AC2C900][0000015A10BD7640 49] iPad8, [0000015A1AC78900][0000015A10BDB7C0 49] iPadPro11, [0000015A1AC2FB00][0000015A10BDF940 49] iPadPro2_11, [0000015A1AC79500][0000015A10BE3AC0 49] iPadPro3_129, [0000015A1AC2E700][0000015A10BE60C0 49] iPadPro4_129, [0000015A1AC7BC00][0000015A10BEA240 49] AppleTV, [0000015A1AC2EC00][0000015A10BEE3C0 49] AppleTV4K, [0000015A1AC79F00][0000015A10BF2540 49] TVOS, [0000015A1AC2C300][0000015A10BF66C0 49] Mac, [0000015A1AC7AF00][0000015A10BFA840 49] MacClient, [0000015A1AC2D500][0000015A10BFE9C0 49] MacNoEditor, [0000015A1AC7B900][0000015A10C02B40 49] MacServer, [0000015A1AC2D300][0000015A10C06CC0 49] Linux, [0000015A1AC7A300][0000015A10BC2E00 49] LinuxAArch64, [0000015A1AC2CF00][0000015A10C0AF40 49] LinuxNoEditor, [0000015A1AC78200][0000015A10713080 49] LinuxAArch64NoEditor, [0000015A1AC2C700][0000015A107171C0 49] LinuxClient, [0000015A1AC79E00][0000015A1071F340 49] LinuxAArch64Client, [0000015A1AC7C900][0000015A107234C0 49] LinuxServer, [0000015A1ACF9600][0000015A10727640 49] LinuxAArch64Server, [0000015A1AC7D500][0000015A1072B7C0 49] Android, [0000015A1ACF8800][0000015A1072F940 49] Android_Low, [0000015A1AC7D800][0000015A10733AC0 49] Android_Mid, [0000015A1ACFAD00][0000015A107360C0 49] Android_High, [0000015A1AC7FD00][0000015A1073A240 49] Android_Default, [0000015A1ACFB300][0000015A1073E3C0 49] Android_Adreno4xx, [0000015A1AC7EF00][0000015A10742540 49] Android_Adreno5xx_Low, [0000015A1ACF9500][0000015A107466C0 49] Android_Adreno5xx, [0000015A1AC7EB00][0000015A1074A840 49] Android_Adreno6xx, [0000015A1ACF9200][0000015A1074E9C0 49] Android_Adreno6xx_Vulkan, [0000015A1AC7C700][0000015A10752B40 49] Android_Mali_T6xx, [0000015A1ACF8400][0000015A10756CC0 49] Android_Mali_T7xx, [0000015A1AC7DC00][0000015A1075AE40 49] Android_Mali_T8xx, [0000015A1ACFAE00][0000015A1071AF80 49] Android_Mali_G71, [0000015A1AC7CA00][0000015A1075F0C0 49] Android_Mali_G72, [0000015A1ACF9100][0000015A10763200 49] Android_Mali_G72_Vulkan, [0000015A1AC7C200][0000015A10767340 49] Android_Mali_G76, [0000015A1ACF8B00][0000015A1076F4C0 49] Android_Mali_G76_Vulkan, [0000015A1AC7D900][0000015A10773640 49] Android_Mali_G77, [0000015A1ACFA800][0000015A107777C0 49] Android_Mali_G77_Vulkan, [0000015A1AC7A200][0000015A1077B940 49] Android_Mali_G78, [0000015A1ACF9B00][0000015A1077FAC0 49] Android_Mali_G78_Vulkan, [0000015A1AC7A500][0000015A107820C0 49] Android_Mali_G710, [0000015A1ACF8300][0000015A10786240 49] Android_Mali_G710_Vulkan, [0000015A1AC7A600][0000015A1078A3C0 49] Android_Vulkan_SM5, [0000015A1ACFAF00][0000015A1078E540 49] Android_PowerVR_G6xxx, [0000015A1AC7A100][0000015A107926C0 49] Android_PowerVR_GT7xxx, [0000015A1ACFA400][0000015A10796840 49] Android_PowerVR_GE8xxx, [0000015A1AC7A900][0000015A1079A9C0 49] Android_PowerVR_GM9xxx, [0000015A1ACFB900][0000015A1079EB40 49] Android_PowerVR_GM9xxx_Vulkan, [0000015A1AC7BA00][0000015A107A2CC0 49] Android_TegraK1, [0000015A1ACF8A00][0000015A107A6E40 49] Android_Unknown_Vulkan, [0000015A1AC7BE00][0000015A1BD60FC0 49] Lumin, [0000015A1ACFA300][0000015A1BD65140 49] Lumin_Desktop, [0000015A1AC79D00][0000015A1076B280 49] HoloLens, 
[2022.05.22-18.34.19:157][  0]LogMeshReduction: Using QuadricMeshReduction for automatic static mesh reduction
[2022.05.22-18.34.19:157][  0]LogMeshReduction: Using SimplygonMeshReduction for automatic skeletal mesh reduction
[2022.05.22-18.34.19:157][  0]LogMeshReduction: Using ProxyLODMeshReduction for automatic mesh merging
[2022.05.22-18.34.19:157][  0]LogMeshReduction: No distributed automatic mesh merging module available
[2022.05.22-18.34.19:157][  0]LogMeshMerging: No distributed automatic mesh merging module available
[2022.05.22-18.34.19:181][  0]LogNetVersion: ProjectW 1.0.0, NetCL: 17155196, EngineNetVer: 17, GameNetVer: 0 (Checksum: 3711624230)
[2022.05.22-18.34.19:556][  0]LogTexture: Default maximum texture size for cubemaps generated from long-lat sources has been changed from 512 to unlimited. In order to preserve old behaiour for '/Engine/MapTemplates/Sky/DaylightAmbientCubemap.DaylightAmbientCubemap', its maximum texture size has been explicitly set to 512.
[2022.05.22-18.34.19:605][  0]LogHMD: PokeAHoleMaterial loaded successfully
[2022.05.22-18.34.19:610][  0]LogUObjectArray: 17178 objects as part of root set at end of initial load.
[2022.05.22-18.34.19:610][  0]LogUObjectAllocator: 4302048 out of 0 bytes used by permanent object pool.
[2022.05.22-18.34.19:610][  0]LogUObjectArray: CloseDisregardForGC: 0/0 objects in disregard for GC pool
[2022.05.22-18.34.19:833][  0]LogNiagaraDebuggerClient: Niagara Debugger Client Initialized | Session: DAA19F9542192740920F31BCFC305357 | Instance: 755947574729717DD586B49E7C0A12B7 (DESKTOP-3F13A7O-2940).
[2022.05.22-18.34.20:111][  0]LogPython: Using Python 3.7.7
[2022.05.22-18.34.20:601][  0]LogTcpMessaging: Initializing TcpMessaging bridge
[2022.05.22-18.34.20:606][  0]LogUdpMessaging: Initializing bridge on interface 0.0.0.0:0 to multicast group 230.0.0.1:6666.
[2022.05.22-18.34.20:824][  0]SourceControl: Source control is disabled
[2022.05.22-18.34.20:824][  0]SourceControl: Source control is disabled
[2022.05.22-18.34.20:834][  0]SourceControl: Source control is disabled
[2022.05.22-18.34.20:838][  0]SourceControl: Source control is disabled
[2022.05.22-18.34.20:856][  0]SourceControl: Source control is disabled
[2022.05.22-18.34.20:866][  0]LogUProjectInfo: Found projects:
[2022.05.22-18.34.21:181][  0]LogOpenImageDenoise: OIDN starting up
[2022.05.22-18.34.21:200][  0]LogAndroidPermission: UAndroidPermissionCallbackProxy::GetInstance
[2022.05.22-18.34.21:232][  0]LogAudioCaptureCore: Display: No Audio Capture implementations found. Audio input will be silent.
[2022.05.22-18.34.21:232][  0]LogAudioCaptureCore: Display: No Audio Capture implementations found. Audio input will be silent.
[2022.05.22-18.34.21:376][  0]LogCollectionManager: Loaded 0 collections in 0.001452 seconds
[2022.05.22-18.34.21:405][  0]LogFileCache: Scanning file cache for directory 'C:/Users/User/Documents/GitHub/ProjectW/ProjectW/Saved/Collections/' took 0.00s
[2022.05.22-18.34.21:405][  0]LogFileCache: Scanning file cache for directory 'C:/Users/User/Documents/GitHub/ProjectW/ProjectW/Content/Developers/User/Collections/' took 0.00s
[2022.05.22-18.34.21:405][  0]LogFileCache: Scanning file cache for directory 'C:/Users/User/Documents/GitHub/ProjectW/ProjectW/Content/Collections/' took 0.00s
[2022.05.22-18.34.21:405][  0]LogOcInput: OculusInput pre-init called
[2022.05.22-18.34.21:647][  0]LogEngine: Initializing Engine...
[2022.05.22-18.34.21:650][  0]LogHMD: Failed to enumerate extensions. Please check that you have a valid OpenXR runtime installed.
[2022.05.22-18.34.21:650][  0]LogHMD: Failed to initialize OpenVR with code 110
[2022.05.22-18.34.21:650][  0]LogMagicLeap: Warning: VR disabled because ZI is not enabled.  To enable, in the editor, Edit -> Project Settings -> Plugins -> Magic Leap Plugin -> Enable Zero Iteration
[2022.05.22-18.34.21:651][  0]LogStats: UGameplayTagsManager::InitializeManager -  0.000 s
[2022.05.22-18.34.21:764][  0]LogInit: Initializing FReadOnlyCVARCache
[2022.05.22-18.34.21:773][  0]LogAIModule: Creating AISystem for world Untitled
[2022.05.22-18.34.21:777][  0]LogAudio: Display: Initializing Audio Device Manager...
[2022.05.22-18.34.21:782][  0]LogAudio: Display: Loading Default Audio Settings Objects...
[2022.05.22-18.34.21:782][  0]LogAudio: Display: No default SoundConcurrencyObject specified (or failed to load).
[2022.05.22-18.34.21:783][  0]LogAudio: Display: Audio Device Manager Initialized
[2022.05.22-18.34.21:783][  0]LogAudio: Display: Creating Audio Device:                 Id: 1, Scope: Shared, Realtime: True
[2022.05.22-18.34.21:783][  0]LogAudioMixer: Display: Audio Mixer Platform Settings:
[2022.05.22-18.34.21:783][  0]LogAudioMixer: Display: 	Sample Rate:						  48000
[2022.05.22-18.34.21:783][  0]LogAudioMixer: Display: 	Callback Buffer Frame Size Requested: 1024
[2022.05.22-18.34.21:783][  0]LogAudioMixer: Display: 	Callback Buffer Frame Size To Use:	  1024
[2022.05.22-18.34.21:783][  0]LogAudioMixer: Display: 	Number of buffers to queue:			  2
[2022.05.22-18.34.21:783][  0]LogAudioMixer: Display: 	Max Channels (voices):				  32
[2022.05.22-18.34.21:783][  0]LogAudioMixer: Display: 	Number of Async Source Workers:		  0
[2022.05.22-18.34.21:783][  0]LogAudio: Display: AudioDevice MaxSources: 32
[2022.05.22-18.34.21:783][  0]LogAudio: Display: Audio Spatialization Plugin: None (built-in).
[2022.05.22-18.34.21:783][  0]LogAudio: Display: Audio Reverb Plugin: None (built-in).
[2022.05.22-18.34.21:783][  0]LogAudio: Display: Audio Occlusion Plugin: None (built-in).
[2022.05.22-18.34.21:783][  0]LogAudioMixer: Display: Initializing audio mixer.
[2022.05.22-18.34.21:811][  0]LogAudioMixer: Display: 0: FrontLeft
[2022.05.22-18.34.21:811][  0]LogAudioMixer: Display: 1: FrontRight
[2022.05.22-18.34.21:861][  0]LogAudioMixer: Display: Using Audio Device 스피커(Realtek(R) Audio)
[2022.05.22-18.34.21:864][  0]LogAudioMixer: Display: Initializing Sound Submixes...
[2022.05.22-18.34.21:866][  0]LogAudioMixer: Display: Creating Master Submix 'MasterSubmixDefault'
[2022.05.22-18.34.21:866][  0]LogAudioMixer: Display: Creating Master Submix 'MasterReverbSubmixDefault'
[2022.05.22-18.34.21:867][  0]LogAudioMixer: Display: Creating Master Submix 'MasterEQSubmixDefault'
[2022.05.22-18.34.21:867][  0]LogAudioMixer: FMixerPlatformXAudio2::StartAudioStream() called
[2022.05.22-18.34.21:867][  0]LogAudioMixer: Display: Output buffers initialized: Frames=1024, Channels=2, Samples=2048
[2022.05.22-18.34.21:868][  0]LogAudioMixer: Display: Starting AudioMixerPlatformInterface::RunInternal()
[2022.05.22-18.34.21:868][  0]LogAudioMixer: Display: FMixerPlatformXAudio2::SubmitBuffer() called for the first time
[2022.05.22-18.34.21:868][  0]LogInit: FAudioDevice initialized.
[2022.05.22-18.34.21:868][  0]LogAudio: Display: Audio Device (ID: 1) registered with world 'Untitled'.
[2022.05.22-18.34.21:868][  0]LogNetVersion: Set ProjectVersion to 1.0.0.0. Version Checksum will be recalculated on next use.
[2022.05.22-18.34.21:917][  0]LogDerivedDataCache: Saved boot cache 0.05s 103MB C:/Users/User/AppData/Local/UnrealEngine/4.27/DerivedDataCache/Boot.ddc.
[2022.05.22-18.34.21:917][  0]LogInit: Texture streaming: Enabled
[2022.05.22-18.34.21:934][  0]LogAnalytics: Display: [UEEditor.Rocket.Release] APIServer = https://datarouter.ol.epicgames.com/. AppVersion = 4.27.2-18319896+++UE4+Release-4.27
[2022.05.22-18.34.21:942][  0]LogEngineSessionManager: EngineSessionManager initialized
[2022.05.22-18.34.21:942][  0]LogEngineSessionManager: EngineSessionManager sent abnormal shutdown report. Type=Crashed, SessionId={0EBFA996-4DB3-AE4F-1C3F-ECB38FD44C0C}
[2022.05.22-18.34.21:942][  0]LogEditorSessionSummary: Verbose: Initializing EditorSessionSummaryWriter for editor session tracking
[2022.05.22-18.34.21:947][  0]LogEditorSessionSummary: EditorSessionSummaryWriter initialized
[2022.05.22-18.34.21:975][  0]LogInit: Transaction tracking system initialized
[2022.05.22-18.34.22:004][  0]BlueprintLog: New page: Editor Load
[2022.05.22-18.34.22:086][  0]LocalizationService: Localization service is disabled
[2022.05.22-18.34.22:116][  0]TimingProfiler: Initialize
[2022.05.22-18.34.22:116][  0]TimingProfiler: OnSessionChanged
[2022.05.22-18.34.22:116][  0]LoadingProfiler: Initialize
[2022.05.22-18.34.22:116][  0]LoadingProfiler: OnSessionChanged
[2022.05.22-18.34.22:116][  0]NetworkingProfiler: Initialize
[2022.05.22-18.34.22:116][  0]NetworkingProfiler: OnSessionChanged
[2022.05.22-18.34.22:116][  0]MemoryProfiler: Initialize
[2022.05.22-18.34.22:117][  0]MemoryProfiler: OnSessionChanged
[2022.05.22-18.34.22:273][  0]LogCook: Display: CookSettings for Memory: MemoryMaxUsedVirtual 0MiB, MemoryMaxUsedPhysical 16384MiB, MemoryMinFreeVirtual 0MiB, MemoryMinFreePhysical 1024MiB
[2022.05.22-18.34.22:273][  0]LogCook: Display: Mobile HDR setting 1
[2022.05.22-18.34.22:506][  0]LogFileCache: Scanning file cache for directory 'C:/Users/User/Documents/GitHub/ProjectW/ProjectW/Content/' took 0.00s
[2022.05.22-18.34.22:695][  0]LogInit: Display: Engine is initialized. Leaving FEngineLoop::Init()
[2022.05.22-18.34.22:700][  0]SourceControl: Source control is disabled
[2022.05.22-18.34.22:700][  0]LogUnrealEdMisc: Loading editor; pre map load, took 7.718
[2022.05.22-18.34.22:700][  0]Cmd: MAP LOAD FILE="../../../../../../Users/User/Documents/GitHub/ProjectW/ProjectW/Content/2DSideScrollerCPP/Maps/2DSideScrollerExampleMap.umap" TEMPLATE=0 SHOWPROGRESS=1 FEATURELEVEL=3
[2022.05.22-18.34.22:700][  0]LightingResults: New page: Lighting Build
[2022.05.22-18.34.22:701][  0]LogWorld: UWorld::CleanupWorld for Untitled, bSessionEnded=true, bCleanupResources=true
[2022.05.22-18.34.22:701][  0]LogSlate: InvalidateAllWidgets triggered.  All widgets were invalidated
[2022.05.22-18.34.22:701][  0]MapCheck: New page: Map Check
[2022.05.22-18.34.22:701][  0]LightingResults: New page: Lighting Build
[2022.05.22-18.34.22:706][  0]LogAudio: Display: Audio Device unregistered from world 'None'.
[2022.05.22-18.34.22:708][  0]LogUObjectHash: Compacting FUObjectHashTables data took   0.75ms
[2022.05.22-18.34.22:769][  0]LogAudio: Display: Audio Device (ID: 1) registered with world '2DSideScrollerExampleMap'.
[2022.05.22-18.34.22:769][  0]LogAIModule: Creating AISystem for world 2DSideScrollerExampleMap
[2022.05.22-18.34.22:774][  0]LogEditorServer: Finished looking for orphan Actors (0.000 secs)
[2022.05.22-18.34.22:781][  0]LogUObjectHash: Compacting FUObjectHashTables data took   0.97ms
[2022.05.22-18.34.22:781][  0]Cmd: MAP CHECKDEP NOCLEARLOG
[2022.05.22-18.34.22:782][  0]MapCheck: Map check complete: 0 Error(s), 0 Warning(s), took 0.207ms to complete.
[2022.05.22-18.34.22:782][  0]LogFileHelpers: Loading map '2DSideScrollerExampleMap' took 0.082
[2022.05.22-18.34.22:784][  0]LogUnrealEdMisc: Total Editor Startup Time, took 7.802
[2022.05.22-18.34.22:915][  0]LogSlate: Updating window title bar state: overlay mode, drag disabled, window buttons hidden, title bar hidden
[2022.05.22-18.34.22:921][  0]LogSlate: Updating window title bar state: overlay mode, drag disabled, window buttons hidden, title bar hidden
[2022.05.22-18.34.22:927][  0]LogSlate: Updating window title bar state: overlay mode, drag disabled, window buttons hidden, title bar hidden
[2022.05.22-18.34.22:932][  0]LogSlate: Updating window title bar state: overlay mode, drag disabled, window buttons hidden, title bar hidden
[2022.05.22-18.34.22:946][  0]LogNativeClassHierarchy: Verbose: Native class hierarchy populated in 0.0086 seconds. Added 3828 classes and 930 folders.
[2022.05.22-18.34.22:949][  0]LogNativeClassHierarchy: Verbose: Native class hierarchy updated for 'WidgetCarousel' in 0.0003 seconds. Added 0 classes and 0 folders.
[2022.05.22-18.34.22:950][  0]LogPakFile: PakFile PrimaryIndexSize=187
[2022.05.22-18.34.22:950][  0]LogPakFile: PakFile PathHashIndexSize=101
[2022.05.22-18.34.22:950][  0]LogPakFile: PakFile FullDirectoryIndexSize=148
[2022.05.22-18.34.22:950][  0]LogShaderLibrary: Display: ShaderCodeLibraryPakFileMountedCallback: PakFile 'C:/Program Files/Epic Games/UE_4.27/FeaturePacks/FP_FirstPerson.upack' (chunk index -1, root 'root:/') mounted
[2022.05.22-18.34.22:950][  0]LogShaderLibrary: Display: ShaderCodeLibraryPakFileMountedCallback: pending pak file info (ChunkID:-1 Root:root:/ File:C:/Program Files/Epic Games/UE_4.27/FeaturePacks/FP_FirstPerson.upack)
[2022.05.22-18.34.22:950][  0]LogPakFile: OnPakFileMounted2Time == 0.000052
[2022.05.22-18.34.22:951][  0]LogPakFile: PakFile PrimaryIndexSize=189
[2022.05.22-18.34.22:951][  0]LogPakFile: PakFile PathHashIndexSize=101
[2022.05.22-18.34.22:951][  0]LogPakFile: PakFile FullDirectoryIndexSize=152
[2022.05.22-18.34.22:951][  0]LogShaderLibrary: Display: ShaderCodeLibraryPakFileMountedCallback: PakFile 'C:/Program Files/Epic Games/UE_4.27/FeaturePacks/FP_FirstPersonBP.upack' (chunk index -1, root 'root:/') mounted
[2022.05.22-18.34.22:951][  0]LogShaderLibrary: Display: ShaderCodeLibraryPakFileMountedCallback: pending pak file info (ChunkID:-1 Root:root:/ File:C:/Program Files/Epic Games/UE_4.27/FeaturePacks/FP_FirstPersonBP.upack)
[2022.05.22-18.34.22:951][  0]LogPakFile: OnPakFileMounted2Time == 0.000038
[2022.05.22-18.34.22:951][  0]LogPakFile: PakFile PrimaryIndexSize=191
[2022.05.22-18.34.22:951][  0]LogPakFile: PakFile PathHashIndexSize=101
[2022.05.22-18.34.22:951][  0]LogPakFile: PakFile FullDirectoryIndexSize=160
[2022.05.22-18.34.22:951][  0]LogShaderLibrary: Display: ShaderCodeLibraryPakFileMountedCallback: PakFile 'C:/Program Files/Epic Games/UE_4.27/FeaturePacks/MobileStarterContent.upack' (chunk index -1, root 'root:/') mounted
[2022.05.22-18.34.22:951][  0]LogShaderLibrary: Display: ShaderCodeLibraryPakFileMountedCallback: pending pak file info (ChunkID:-1 Root:root:/ File:C:/Program Files/Epic Games/UE_4.27/FeaturePacks/MobileStarterContent.upack)
[2022.05.22-18.34.22:951][  0]LogPakFile: OnPakFileMounted2Time == 0.000036
[2022.05.22-18.34.22:952][  0]LogPakFile: PakFile PrimaryIndexSize=185
[2022.05.22-18.34.22:952][  0]LogPakFile: PakFile PathHashIndexSize=101
[2022.05.22-18.34.22:952][  0]LogPakFile: PakFile FullDirectoryIndexSize=148
[2022.05.22-18.34.22:952][  0]LogShaderLibrary: Display: ShaderCodeLibraryPakFileMountedCallback: PakFile 'C:/Program Files/Epic Games/UE_4.27/FeaturePacks/StarterContent.upack' (chunk index -1, root 'root:/') mounted
[2022.05.22-18.34.22:952][  0]LogShaderLibrary: Display: ShaderCodeLibraryPakFileMountedCallback: pending pak file info (ChunkID:-1 Root:root:/ File:C:/Program Files/Epic Games/UE_4.27/FeaturePacks/StarterContent.upack)
[2022.05.22-18.34.22:952][  0]LogPakFile: OnPakFileMounted2Time == 0.000032
[2022.05.22-18.34.22:953][  0]LogPakFile: PakFile PrimaryIndexSize=190
[2022.05.22-18.34.22:953][  0]LogPakFile: PakFile PathHashIndexSize=101
[2022.05.22-18.34.22:953][  0]LogPakFile: PakFile FullDirectoryIndexSize=154
[2022.05.22-18.34.22:953][  0]LogShaderLibrary: Display: ShaderCodeLibraryPakFileMountedCallback: PakFile 'C:/Program Files/Epic Games/UE_4.27/FeaturePacks/TP_2DSideScroller.upack' (chunk index -1, root 'root:/') mounted
[2022.05.22-18.34.22:953][  0]LogShaderLibrary: Display: ShaderCodeLibraryPakFileMountedCallback: pending pak file info (ChunkID:-1 Root:root:/ File:C:/Program Files/Epic Games/UE_4.27/FeaturePacks/TP_2DSideScroller.upack)
[2022.05.22-18.34.22:953][  0]LogPakFile: OnPakFileMounted2Time == 0.000033
[2022.05.22-18.34.22:953][  0]LogPakFile: PakFile PrimaryIndexSize=192
[2022.05.22-18.34.22:953][  0]LogPakFile: PakFile PathHashIndexSize=101
[2022.05.22-18.34.22:953][  0]LogPakFile: PakFile FullDirectoryIndexSize=158
[2022.05.22-18.34.22:953][  0]LogShaderLibrary: Display: ShaderCodeLibraryPakFileMountedCallback: PakFile 'C:/Program Files/Epic Games/UE_4.27/FeaturePacks/TP_2DSideScrollerBP.upack' (chunk index -1, root 'root:/') mounted
[2022.05.22-18.34.22:953][  0]LogShaderLibrary: Display: ShaderCodeLibraryPakFileMountedCallback: pending pak file info (ChunkID:-1 Root:root:/ File:C:/Program Files/Epic Games/UE_4.27/FeaturePacks/TP_2DSideScrollerBP.upack)
[2022.05.22-18.34.22:953][  0]LogPakFile: OnPakFileMounted2Time == 0.000030
[2022.05.22-18.34.22:954][  0]LogPakFile: PakFile PrimaryIndexSize=182
[2022.05.22-18.34.22:954][  0]LogPakFile: PakFile PathHashIndexSize=101
[2022.05.22-18.34.22:954][  0]LogPakFile: PakFile FullDirectoryIndexSize=138
[2022.05.22-18.34.22:954][  0]LogShaderLibrary: Display: ShaderCodeLibraryPakFileMountedCallback: PakFile 'C:/Program Files/Epic Games/UE_4.27/FeaturePacks/TP_Flying.upack' (chunk index -1, root 'root:/') mounted
[2022.05.22-18.34.22:954][  0]LogShaderLibrary: Display: ShaderCodeLibraryPakFileMountedCallback: pending pak file info (ChunkID:-1 Root:root:/ File:C:/Program Files/Epic Games/UE_4.27/FeaturePacks/TP_Flying.upack)
[2022.05.22-18.34.22:954][  0]LogPakFile: OnPakFileMounted2Time == 0.000043
[2022.05.22-18.34.22:955][  0]LogPakFile: PakFile PrimaryIndexSize=184
[2022.05.22-18.34.22:955][  0]LogPakFile: PakFile PathHashIndexSize=101
[2022.05.22-18.34.22:955][  0]LogPakFile: PakFile FullDirectoryIndexSize=142
[2022.05.22-18.34.22:955][  0]LogShaderLibrary: Display: ShaderCodeLibraryPakFileMountedCallback: PakFile 'C:/Program Files/Epic Games/UE_4.27/FeaturePacks/TP_FlyingBP.upack' (chunk index -1, root 'root:/') mounted
[2022.05.22-18.34.22:955][  0]LogShaderLibrary: Display: ShaderCodeLibraryPakFileMountedCallback: pending pak file info (ChunkID:-1 Root:root:/ File:C:/Program Files/Epic Games/UE_4.27/FeaturePacks/TP_FlyingBP.upack)
[2022.05.22-18.34.22:955][  0]LogPakFile: OnPakFileMounted2Time == 0.000032
[2022.05.22-18.34.22:955][  0]LogPakFile: PakFile PrimaryIndexSize=188
[2022.05.22-18.34.22:955][  0]LogPakFile: PakFile PathHashIndexSize=101
[2022.05.22-18.34.22:955][  0]LogPakFile: PakFile FullDirectoryIndexSize=150
[2022.05.22-18.34.22:955][  0]LogShaderLibrary: Display: ShaderCodeLibraryPakFileMountedCallback: PakFile 'C:/Program Files/Epic Games/UE_4.27/FeaturePacks/TP_HandheldARBP.upack' (chunk index -1, root 'root:/') mounted
[2022.05.22-18.34.22:955][  0]LogShaderLibrary: Display: ShaderCodeLibraryPakFileMountedCallback: pending pak file info (ChunkID:-1 Root:root:/ File:C:/Program Files/Epic Games/UE_4.27/FeaturePacks/TP_HandheldARBP.upack)
[2022.05.22-18.34.22:955][  0]LogPakFile: OnPakFileMounted2Time == 0.000034
[2022.05.22-18.34.22:956][  0]LogPakFile: PakFile PrimaryIndexSize=182
[2022.05.22-18.34.22:956][  0]LogPakFile: PakFile PathHashIndexSize=101
[2022.05.22-18.34.22:956][  0]LogPakFile: PakFile FullDirectoryIndexSize=138
[2022.05.22-18.34.22:956][  0]LogShaderLibrary: Display: ShaderCodeLibraryPakFileMountedCallback: PakFile 'C:/Program Files/Epic Games/UE_4.27/FeaturePacks/TP_Puzzle.upack' (chunk index -1, root 'root:/') mounted
[2022.05.22-18.34.22:956][  0]LogShaderLibrary: Display: ShaderCodeLibraryPakFileMountedCallback: pending pak file info (ChunkID:-1 Root:root:/ File:C:/Program Files/Epic Games/UE_4.27/FeaturePacks/TP_Puzzle.upack)
[2022.05.22-18.34.22:956][  0]LogPakFile: OnPakFileMounted2Time == 0.000030
[2022.05.22-18.34.22:957][  0]LogPakFile: PakFile PrimaryIndexSize=184
[2022.05.22-18.34.22:957][  0]LogPakFile: PakFile PathHashIndexSize=101
[2022.05.22-18.34.22:957][  0]LogPakFile: PakFile FullDirectoryIndexSize=142
[2022.05.22-18.34.22:957][  0]LogShaderLibrary: Display: ShaderCodeLibraryPakFileMountedCallback: PakFile 'C:/Program Files/Epic Games/UE_4.27/FeaturePacks/TP_PuzzleBP.upack' (chunk index -1, root 'root:/') mounted
[2022.05.22-18.34.22:957][  0]LogShaderLibrary: Display: ShaderCodeLibraryPakFileMountedCallback: pending pak file info (ChunkID:-1 Root:root:/ File:C:/Program Files/Epic Games/UE_4.27/FeaturePacks/TP_PuzzleBP.upack)
[2022.05.22-18.34.22:957][  0]LogPakFile: OnPakFileMounted2Time == 0.000030
[2022.05.22-18.34.22:957][  0]LogPakFile: PakFile PrimaryIndexSize=183
[2022.05.22-18.34.22:957][  0]LogPakFile: PakFile PathHashIndexSize=101
[2022.05.22-18.34.22:957][  0]LogPakFile: PakFile FullDirectoryIndexSize=140
[2022.05.22-18.34.22:957][  0]LogShaderLibrary: Display: ShaderCodeLibraryPakFileMountedCallback: PakFile 'C:/Program Files/Epic Games/UE_4.27/FeaturePacks/TP_Rolling.upack' (chunk index -1, root 'root:/') mounted
[2022.05.22-18.34.22:957][  0]LogShaderLibrary: Display: ShaderCodeLibraryPakFileMountedCallback: pending pak file info (ChunkID:-1 Root:root:/ File:C:/Program Files/Epic Games/UE_4.27/FeaturePacks/TP_Rolling.upack)
[2022.05.22-18.34.22:957][  0]LogPakFile: OnPakFileMounted2Time == 0.000032
[2022.05.22-18.34.22:958][  0]LogPakFile: PakFile PrimaryIndexSize=185
[2022.05.22-18.34.22:958][  0]LogPakFile: PakFile PathHashIndexSize=101
[2022.05.22-18.34.22:958][  0]LogPakFile: PakFile FullDirectoryIndexSize=144
[2022.05.22-18.34.22:958][  0]LogShaderLibrary: Display: ShaderCodeLibraryPakFileMountedCallback: PakFile 'C:/Program Files/Epic Games/UE_4.27/FeaturePacks/TP_RollingBP.upack' (chunk index -1, root 'root:/') mounted
[2022.05.22-18.34.22:958][  0]LogShaderLibrary: Display: ShaderCodeLibraryPakFileMountedCallback: pending pak file info (ChunkID:-1 Root:root:/ File:C:/Program Files/Epic Games/UE_4.27/FeaturePacks/TP_RollingBP.upack)
[2022.05.22-18.34.22:958][  0]LogPakFile: OnPakFileMounted2Time == 0.000032
[2022.05.22-18.34.22:958][  0]LogPakFile: PakFile PrimaryIndexSize=188
[2022.05.22-18.34.22:958][  0]LogPakFile: PakFile PathHashIndexSize=101
[2022.05.22-18.34.22:958][  0]LogPakFile: PakFile FullDirectoryIndexSize=150
[2022.05.22-18.34.22:958][  0]LogShaderLibrary: Display: ShaderCodeLibraryPakFileMountedCallback: PakFile 'C:/Program Files/Epic Games/UE_4.27/FeaturePacks/TP_SideScroller.upack' (chunk index -1, root 'root:/') mounted
[2022.05.22-18.34.22:958][  0]LogShaderLibrary: Display: ShaderCodeLibraryPakFileMountedCallback: pending pak file info (ChunkID:-1 Root:root:/ File:C:/Program Files/Epic Games/UE_4.27/FeaturePacks/TP_SideScroller.upack)
[2022.05.22-18.34.22:958][  0]LogPakFile: OnPakFileMounted2Time == 0.000031
[2022.05.22-18.34.22:959][  0]LogPakFile: PakFile PrimaryIndexSize=190
[2022.05.22-18.34.22:959][  0]LogPakFile: PakFile PathHashIndexSize=101
[2022.05.22-18.34.22:959][  0]LogPakFile: PakFile FullDirectoryIndexSize=154
[2022.05.22-18.34.22:959][  0]LogShaderLibrary: Display: ShaderCodeLibraryPakFileMountedCallback: PakFile 'C:/Program Files/Epic Games/UE_4.27/FeaturePacks/TP_SideScrollerBP.upack' (chunk index -1, root 'root:/') mounted
[2022.05.22-18.34.22:959][  0]LogShaderLibrary: Display: ShaderCodeLibraryPakFileMountedCallback: pending pak file info (ChunkID:-1 Root:root:/ File:C:/Program Files/Epic Games/UE_4.27/FeaturePacks/TP_SideScrollerBP.upack)
[2022.05.22-18.34.22:959][  0]LogPakFile: OnPakFileMounted2Time == 0.000030
[2022.05.22-18.34.22:960][  0]LogPakFile: PakFile PrimaryIndexSize=187
[2022.05.22-18.34.22:960][  0]LogPakFile: PakFile PathHashIndexSize=101
[2022.05.22-18.34.22:960][  0]LogPakFile: PakFile FullDirectoryIndexSize=148
[2022.05.22-18.34.22:960][  0]LogShaderLibrary: Display: ShaderCodeLibraryPakFileMountedCallback: PakFile 'C:/Program Files/Epic Games/UE_4.27/FeaturePacks/TP_ThirdPerson.upack' (chunk index -1, root 'root:/') mounted
[2022.05.22-18.34.22:960][  0]LogShaderLibrary: Display: ShaderCodeLibraryPakFileMountedCallback: pending pak file info (ChunkID:-1 Root:root:/ File:C:/Program Files/Epic Games/UE_4.27/FeaturePacks/TP_ThirdPerson.upack)
[2022.05.22-18.34.22:960][  0]LogPakFile: OnPakFileMounted2Time == 0.000046
[2022.05.22-18.34.22:960][  0]LogPakFile: PakFile PrimaryIndexSize=189
[2022.05.22-18.34.22:960][  0]LogPakFile: PakFile PathHashIndexSize=101
[2022.05.22-18.34.22:960][  0]LogPakFile: PakFile FullDirectoryIndexSize=152
[2022.05.22-18.34.22:960][  0]LogShaderLibrary: Display: ShaderCodeLibraryPakFileMountedCallback: PakFile 'C:/Program Files/Epic Games/UE_4.27/FeaturePacks/TP_ThirdPersonBP.upack' (chunk index -1, root 'root:/') mounted
[2022.05.22-18.34.22:960][  0]LogShaderLibrary: Display: ShaderCodeLibraryPakFileMountedCallback: pending pak file info (ChunkID:-1 Root:root:/ File:C:/Program Files/Epic Games/UE_4.27/FeaturePacks/TP_ThirdPersonBP.upack)
[2022.05.22-18.34.22:960][  0]LogPakFile: OnPakFileMounted2Time == 0.000030
[2022.05.22-18.34.22:961][  0]LogPakFile: PakFile PrimaryIndexSize=183
[2022.05.22-18.34.22:961][  0]LogPakFile: PakFile PathHashIndexSize=101
[2022.05.22-18.34.22:961][  0]LogPakFile: PakFile FullDirectoryIndexSize=140
[2022.05.22-18.34.22:961][  0]LogShaderLibrary: Display: ShaderCodeLibraryPakFileMountedCallback: PakFile 'C:/Program Files/Epic Games/UE_4.27/FeaturePacks/TP_TopDown.upack' (chunk index -1, root 'root:/') mounted
[2022.05.22-18.34.22:961][  0]LogShaderLibrary: Display: ShaderCodeLibraryPakFileMountedCallback: pending pak file info (ChunkID:-1 Root:root:/ File:C:/Program Files/Epic Games/UE_4.27/FeaturePacks/TP_TopDown.upack)
[2022.05.22-18.34.22:961][  0]LogPakFile: OnPakFileMounted2Time == 0.000056
[2022.05.22-18.34.22:962][  0]LogPakFile: PakFile PrimaryIndexSize=185
[2022.05.22-18.34.22:962][  0]LogPakFile: PakFile PathHashIndexSize=101
[2022.05.22-18.34.22:962][  0]LogPakFile: PakFile FullDirectoryIndexSize=144
[2022.05.22-18.34.22:962][  0]LogShaderLibrary: Display: ShaderCodeLibraryPakFileMountedCallback: PakFile 'C:/Program Files/Epic Games/UE_4.27/FeaturePacks/TP_TopDownBP.upack' (chunk index -1, root 'root:/') mounted
[2022.05.22-18.34.22:962][  0]LogShaderLibrary: Display: ShaderCodeLibraryPakFileMountedCallback: pending pak file info (ChunkID:-1 Root:root:/ File:C:/Program Files/Epic Games/UE_4.27/FeaturePacks/TP_TopDownBP.upack)
[2022.05.22-18.34.22:962][  0]LogPakFile: OnPakFileMounted2Time == 0.000031
[2022.05.22-18.34.22:962][  0]LogPakFile: PakFile PrimaryIndexSize=185
[2022.05.22-18.34.22:962][  0]LogPakFile: PakFile PathHashIndexSize=101
[2022.05.22-18.34.22:962][  0]LogPakFile: PakFile FullDirectoryIndexSize=144
[2022.05.22-18.34.22:962][  0]LogShaderLibrary: Display: ShaderCodeLibraryPakFileMountedCallback: PakFile 'C:/Program Files/Epic Games/UE_4.27/FeaturePacks/TP_TwinStick.upack' (chunk index -1, root 'root:/') mounted
[2022.05.22-18.34.22:962][  0]LogShaderLibrary: Display: ShaderCodeLibraryPakFileMountedCallback: pending pak file info (ChunkID:-1 Root:root:/ File:C:/Program Files/Epic Games/UE_4.27/FeaturePacks/TP_TwinStick.upack)
[2022.05.22-18.34.22:962][  0]LogPakFile: OnPakFileMounted2Time == 0.000030
[2022.05.22-18.34.22:963][  0]LogPakFile: PakFile PrimaryIndexSize=187
[2022.05.22-18.34.22:963][  0]LogPakFile: PakFile PathHashIndexSize=101
[2022.05.22-18.34.22:963][  0]LogPakFile: PakFile FullDirectoryIndexSize=148
[2022.05.22-18.34.22:963][  0]LogShaderLibrary: Display: ShaderCodeLibraryPakFileMountedCallback: PakFile 'C:/Program Files/Epic Games/UE_4.27/FeaturePacks/TP_TwinStickBP.upack' (chunk index -1, root 'root:/') mounted
[2022.05.22-18.34.22:963][  0]LogShaderLibrary: Display: ShaderCodeLibraryPakFileMountedCallback: pending pak file info (ChunkID:-1 Root:root:/ File:C:/Program Files/Epic Games/UE_4.27/FeaturePacks/TP_TwinStickBP.upack)
[2022.05.22-18.34.22:963][  0]LogPakFile: OnPakFileMounted2Time == 0.000035
[2022.05.22-18.34.22:964][  0]LogPakFile: PakFile PrimaryIndexSize=183
[2022.05.22-18.34.22:964][  0]LogPakFile: PakFile PathHashIndexSize=101
[2022.05.22-18.34.22:964][  0]LogPakFile: PakFile FullDirectoryIndexSize=140
[2022.05.22-18.34.22:964][  0]LogShaderLibrary: Display: ShaderCodeLibraryPakFileMountedCallback: PakFile 'C:/Program Files/Epic Games/UE_4.27/FeaturePacks/TP_Vehicle.upack' (chunk index -1, root 'root:/') mounted
[2022.05.22-18.34.22:964][  0]LogShaderLibrary: Display: ShaderCodeLibraryPakFileMountedCallback: pending pak file info (ChunkID:-1 Root:root:/ File:C:/Program Files/Epic Games/UE_4.27/FeaturePacks/TP_Vehicle.upack)
[2022.05.22-18.34.22:964][  0]LogPakFile: OnPakFileMounted2Time == 0.000030
[2022.05.22-18.34.22:964][  0]LogPakFile: PakFile PrimaryIndexSize=186
[2022.05.22-18.34.22:964][  0]LogPakFile: PakFile PathHashIndexSize=101
[2022.05.22-18.34.22:964][  0]LogPakFile: PakFile FullDirectoryIndexSize=146
[2022.05.22-18.34.22:964][  0]LogShaderLibrary: Display: ShaderCodeLibraryPakFileMountedCallback: PakFile 'C:/Program Files/Epic Games/UE_4.27/FeaturePacks/TP_VehicleAdv.upack' (chunk index -1, root 'root:/') mounted
[2022.05.22-18.34.22:964][  0]LogShaderLibrary: Display: ShaderCodeLibraryPakFileMountedCallback: pending pak file info (ChunkID:-1 Root:root:/ File:C:/Program Files/Epic Games/UE_4.27/FeaturePacks/TP_VehicleAdv.upack)
[2022.05.22-18.34.22:964][  0]LogPakFile: OnPakFileMounted2Time == 0.000031
[2022.05.22-18.34.22:965][  0]LogPakFile: PakFile PrimaryIndexSize=188
[2022.05.22-18.34.22:965][  0]LogPakFile: PakFile PathHashIndexSize=101
[2022.05.22-18.34.22:965][  0]LogPakFile: PakFile FullDirectoryIndexSize=150
[2022.05.22-18.34.22:965][  0]LogShaderLibrary: Display: ShaderCodeLibraryPakFileMountedCallback: PakFile 'C:/Program Files/Epic Games/UE_4.27/FeaturePacks/TP_VehicleAdvBP.upack' (chunk index -1, root 'root:/') mounted
[2022.05.22-18.34.22:965][  0]LogShaderLibrary: Display: ShaderCodeLibraryPakFileMountedCallback: pending pak file info (ChunkID:-1 Root:root:/ File:C:/Program Files/Epic Games/UE_4.27/FeaturePacks/TP_VehicleAdvBP.upack)
[2022.05.22-18.34.22:965][  0]LogPakFile: OnPakFileMounted2Time == 0.000034
[2022.05.22-18.34.22:965][  0]LogPakFile: PakFile PrimaryIndexSize=185
[2022.05.22-18.34.22:965][  0]LogPakFile: PakFile PathHashIndexSize=101
[2022.05.22-18.34.22:965][  0]LogPakFile: PakFile FullDirectoryIndexSize=144
[2022.05.22-18.34.22:965][  0]LogShaderLibrary: Display: ShaderCodeLibraryPakFileMountedCallback: PakFile 'C:/Program Files/Epic Games/UE_4.27/FeaturePacks/TP_VehicleBP.upack' (chunk index -1, root 'root:/') mounted
[2022.05.22-18.34.22:965][  0]LogShaderLibrary: Display: ShaderCodeLibraryPakFileMountedCallback: pending pak file info (ChunkID:-1 Root:root:/ File:C:/Program Files/Epic Games/UE_4.27/FeaturePacks/TP_VehicleBP.upack)
[2022.05.22-18.34.22:966][  0]LogPakFile: OnPakFileMounted2Time == 0.000035
[2022.05.22-18.34.22:966][  0]LogPakFile: PakFile PrimaryIndexSize=192
[2022.05.22-18.34.22:966][  0]LogPakFile: PakFile PathHashIndexSize=101
[2022.05.22-18.34.22:966][  0]LogPakFile: PakFile FullDirectoryIndexSize=158
[2022.05.22-18.34.22:966][  0]LogShaderLibrary: Display: ShaderCodeLibraryPakFileMountedCallback: PakFile 'C:/Program Files/Epic Games/UE_4.27/FeaturePacks/TP_VirtualRealityBP.upack' (chunk index -1, root 'root:/') mounted
[2022.05.22-18.34.22:966][  0]LogShaderLibrary: Display: ShaderCodeLibraryPakFileMountedCallback: pending pak file info (ChunkID:-1 Root:root:/ File:C:/Program Files/Epic Games/UE_4.27/FeaturePacks/TP_VirtualRealityBP.upack)
[2022.05.22-18.34.22:966][  0]LogPakFile: OnPakFileMounted2Time == 0.000030
[2022.05.22-18.34.23:013][  0]LogNativeClassHierarchy: Verbose: Native class hierarchy updated for 'AddContentDialog' in 0.0003 seconds. Added 0 classes and 0 folders.
[2022.05.22-18.34.23:017][  0]LogNativeClassHierarchy: Verbose: Native class hierarchy updated for 'SceneOutliner' in 0.0003 seconds. Added 2 classes and 0 folders.
[2022.05.22-18.34.23:028][  0]LogNativeClassHierarchy: Verbose: Native class hierarchy updated for 'WorldBrowser' in 0.0003 seconds. Added 2 classes and 3 folders.
[2022.05.22-18.34.23:087][  0]LogSlate: Took 0.000154 seconds to synchronously load lazily loaded font '../../../Engine/Content/Slate/Fonts/Roboto-Regular.ttf' (155K)
[2022.05.22-18.34.23:088][  0]LogSlate: Took 0.000110 seconds to synchronously load lazily loaded font '../../../Engine/Content/Editor/Slate/Fonts/FontAwesome.ttf' (139K)
[2022.05.22-18.34.23:089][  0]LogSlate: Took 0.000111 seconds to synchronously load lazily loaded font '../../../Engine/Content/Slate/Fonts/Roboto-Bold.ttf' (160K)
[2022.05.22-18.34.23:196][  0]LogRenderer: Reallocating scene render targets to support 1184x524 Format 10 NumSamples 1 (Frame:1).
[2022.05.22-18.34.23:234][  0]LogSlate: Took 0.000209 seconds to synchronously load lazily loaded font '../../../Engine/Content/Slate/Fonts/Roboto-Light.ttf' (167K)
[2022.05.22-18.34.23:283][  0]LogNativeClassHierarchy: Verbose: Native class hierarchy updated for 'HierarchicalLODOutliner' in 0.0004 seconds. Added 0 classes and 0 folders.
[2022.05.22-18.34.23:283][  0]LogLoad: (Engine Initialization) Total time: 8.30 seconds
[2022.05.22-18.34.23:283][  0]LogLoad: (Engine Initialization) Total Blueprint compile time: 0.00 seconds
[2022.05.22-18.34.23:328][  0]LogAssetRegistry: Asset discovery search completed in 4.5354 seconds
[2022.05.22-18.34.23:333][  0]LogCollectionManager: Fixed up redirectors for 0 collections in 0.000003 seconds (updated 0 objects)
[2022.05.22-18.34.23:335][  0]LogContentStreaming: Texture pool size now 1000 MB
[2022.05.22-18.34.23:938][ 67]LogSlate: Took 0.000895 seconds to synchronously load lazily loaded font '../../../Engine/Content/Slate/Fonts/DroidSansFallback.ttf' (3848K)
[2022.05.22-18.34.28:987][657]LogTemp: Repeating last play command: Selected Viewport
[2022.05.22-18.34.28:994][657]LogPlayLevel: PlayLevel: No blueprints needed recompiling
[2022.05.22-18.34.28:994][657]PIE: New page: PIE session: 2DSideScrollerExampleMap (May 23, 2022, 12:34:28 PM)
[2022.05.22-18.34.28:995][657]LogOnline: OSS: Creating online subsystem instance for: NULL
[2022.05.22-18.34.28:997][657]LogOnline: OSS: TryLoadSubsystemAndSetDefault: Loaded subsystem for module [NULL]
[2022.05.22-18.34.28:997][657]LogPlayLevel: Creating play world package: /Game/2DSideScrollerCPP/Maps/UEDPIE_0_2DSideScrollerExampleMap
[2022.05.22-18.34.28:999][657]LogPlayLevel: PIE: StaticDuplicateObject took: (0.002539s)
[2022.05.22-18.34.29:000][657]LogAIModule: Creating AISystem for world 2DSideScrollerExampleMap
[2022.05.22-18.34.29:002][657]LogPlayLevel: PIE: World Init took: (0.002130s)
[2022.05.22-18.34.29:002][657]LogPlayLevel: PIE: Created PIE world by copying editor world from /Game/2DSideScrollerCPP/Maps/2DSideScrollerExampleMap.2DSideScrollerExampleMap to /Game/2DSideScrollerCPP/Maps/UEDPIE_0_2DSideScrollerExampleMap.2DSideScrollerExampleMap (0.004790s)
[2022.05.22-18.34.29:007][657]LogUObjectHash: Compacting FUObjectHashTables data took   0.60ms
[2022.05.22-18.34.29:007][657]LogAudio: Display: Creating Audio Device:                 Id: 2, Scope: Unique, Realtime: True
[2022.05.22-18.34.29:007][657]LogAudioMixer: Display: Audio Mixer Platform Settings:
[2022.05.22-18.34.29:007][657]LogAudioMixer: Display: 	Sample Rate:						  48000
[2022.05.22-18.34.29:007][657]LogAudioMixer: Display: 	Callback Buffer Frame Size Requested: 1024
[2022.05.22-18.34.29:007][657]LogAudioMixer: Display: 	Callback Buffer Frame Size To Use:	  1024
[2022.05.22-18.34.29:007][657]LogAudioMixer: Display: 	Number of buffers to queue:			  2
[2022.05.22-18.34.29:007][657]LogAudioMixer: Display: 	Max Channels (voices):				  32
[2022.05.22-18.34.29:007][657]LogAudioMixer: Display: 	Number of Async Source Workers:		  0
[2022.05.22-18.34.29:007][657]LogAudio: Display: AudioDevice MaxSources: 32
[2022.05.22-18.34.29:008][657]LogAudio: Display: Audio Spatialization Plugin: None (built-in).
[2022.05.22-18.34.29:008][657]LogAudio: Display: Audio Reverb Plugin: None (built-in).
[2022.05.22-18.34.29:008][657]LogAudio: Display: Audio Occlusion Plugin: None (built-in).
[2022.05.22-18.34.29:008][657]LogAudioMixer: Display: Initializing audio mixer.
[2022.05.22-18.34.29:027][657]LogAudioMixer: Display: 0: FrontLeft
[2022.05.22-18.34.29:027][657]LogAudioMixer: Display: 1: FrontRight
[2022.05.22-18.34.29:066][657]LogAudioMixer: Display: Using Audio Device 스피커(Realtek(R) Audio)
[2022.05.22-18.34.29:066][657]LogAudioMixer: Display: Initializing Sound Submixes...
[2022.05.22-18.34.29:066][657]LogAudioMixer: Display: Creating Master Submix 'MasterSubmixDefault'
[2022.05.22-18.34.29:066][657]LogAudioMixer: Display: Creating Master Submix 'MasterReverbSubmixDefault'
[2022.05.22-18.34.29:067][657]LogAudioMixer: Display: Creating Master Submix 'MasterEQSubmixDefault'
[2022.05.22-18.34.29:067][657]LogAudioMixer: FMixerPlatformXAudio2::StartAudioStream() called
[2022.05.22-18.34.29:067][657]LogAudioMixer: Display: Output buffers initialized: Frames=1024, Channels=2, Samples=2048
[2022.05.22-18.34.29:068][657]LogAudioMixer: Display: Starting AudioMixerPlatformInterface::RunInternal()
[2022.05.22-18.34.29:068][657]LogAudioMixer: Display: FMixerPlatformXAudio2::SubmitBuffer() called for the first time
[2022.05.22-18.34.29:068][657]LogInit: FAudioDevice initialized.
[2022.05.22-18.34.29:068][657]LogAudio: Display: Audio Device (ID: 2) registered with world '2DSideScrollerExampleMap'.
[2022.05.22-18.34.29:076][657]LogLoad: Game class is 'ProjectWGameMode'
[2022.05.22-18.34.29:077][657]LogWorld: Bringing World /Game/2DSideScrollerCPP/Maps/UEDPIE_0_2DSideScrollerExampleMap.2DSideScrollerExampleMap up for play (max tick rate 0) at 2022.05.23-03.34.29
[2022.05.22-18.34.29:078][657]LogWorld: Bringing up level for play took: 0.000940
[2022.05.22-18.34.29:078][657]LogOnline: OSS: Creating online subsystem instance for: :Context_1
[2022.05.22-18.34.29:081][657]LogNativeClassHierarchy: Verbose: Native class hierarchy updated for 'MovieSceneCapture' in 0.0003 seconds. Added 20 classes and 0 folders.
[2022.05.22-18.34.29:082][657]PIE: Server logged in
[2022.05.22-18.34.29:083][657]PIE: Play in editor total start time 0.092 seconds.
[2022.05.22-18.34.30:721][851]LogTemp: Warning: Projectile
[2022.05.22-18.34.33:304][161]LogTemp: Warning: Attack
[2022.05.22-18.34.34:833][185]LogWindows: Error: === Critical error: ===
[2022.05.22-18.34.34:833][185]LogWindows: Error: 
[2022.05.22-18.34.34:833][185]LogWindows: Error: Fatal error!
[2022.05.22-18.34.34:833][185]LogWindows: Error: 
[2022.05.22-18.34.34:833][185]LogWindows: Error: Unhandled Exception: EXCEPTION_ACCESS_VIOLATION reading address 0x0000000000000000
[2022.05.22-18.34.34:833][185]LogWindows: Error: 
[2022.05.22-18.34.34:833][185]LogWindows: Error: [Callstack] 0x00007ffa012f4c83 UE4Editor-ProjectW-0085.dll!AProjectWCharacter::AttackEnd() [C:\Users\User\Documents\GitHub\ProjectW\ProjectW\Source\ProjectW\ProjectWCharacter.cpp:201]
[2022.05.22-18.34.34:833][185]LogWindows: Error: [Callstack] 0x00007ffa274b92e0 UE4Editor-Engine.dll!UnknownFunction []
[2022.05.22-18.34.34:833][185]LogWindows: Error: [Callstack] 0x00007ffa274e7de9 UE4Editor-Engine.dll!UnknownFunction []
[2022.05.22-18.34.34:833][185]LogWindows: Error: [Callstack] 0x00007ffa26bcf97d UE4Editor-Engine.dll!UnknownFunction []
[2022.05.22-18.34.34:833][185]LogWindows: Error: [Callstack] 0x00007ffa22b614c3 UE4Editor-UnrealEd.dll!UnknownFunction []
[2022.05.22-18.34.34:833][185]LogWindows: Error: [Callstack] 0x00007ffa23462ba6 UE4Editor-UnrealEd.dll!UnknownFunction []
[2022.05.22-18.34.34:833][185]LogWindows: Error: [Callstack] 0x00007ff6836e87a0 UE4Editor.exe!UnknownFunction []
[2022.05.22-18.34.34:833][185]LogWindows: Error: [Callstack] 0x00007ff683700fcc UE4Editor.exe!UnknownFunction []
[2022.05.22-18.34.34:833][185]LogWindows: Error: [Callstack] 0x00007ff6837010ba UE4Editor.exe!UnknownFunction []
[2022.05.22-18.34.34:833][185]LogWindows: Error: [Callstack] 0x00007ff6837040dd UE4Editor.exe!UnknownFunction []
[2022.05.22-18.34.34:833][185]LogWindows: Error: [Callstack] 0x00007ff683715984 UE4Editor.exe!UnknownFunction []
[2022.05.22-18.34.34:833][185]LogWindows: Error: [Callstack] 0x00007ff68371853a UE4Editor.exe!UnknownFunction []
[2022.05.22-18.34.34:834][185]LogWindows: Error: [Callstack] 0x00007ffa84b87034 KERNEL32.DLL!UnknownFunction []
[2022.05.22-18.34.34:834][185]LogWindows: Error: [Callstack] 0x00007ffa84ec2651 ntdll.dll!UnknownFunction []
[2022.05.22-18.34.34:834][185]LogWindows: Error: 
[2022.05.22-18.34.34:842][185]LogExit: Executing StaticShutdownAfterError
[2022.05.22-18.34.34:844][185]LogWindows: FPlatformMisc::RequestExit(1)
[2022.05.22-18.34.34:844][185]LogWindows: FPlatformMisc::RequestExitWithStatus(1, 3)
[2022.05.22-18.34.34:844][185]LogCore: Engine exit requested (reason: Win RequestExit)
[2022.05.22-18.34.34:851][185]Log file closed, 05/23/22 03:34:34
